Number of threads before setting16
Number of threads after setting1
solve(prob, Rodas4P(); callback=cbs, progress=true, solverargs...
solverargs = (;dtmax=0.01), verbose = true);Scaling of inertia 0.2 
 steady state 
 [-0.06815754822775945, -5.93820010763394e-19, -0.06894330936389151, 0.0, -0.06869644483714187, -0.10695996980101007, -0.10779945140580531, -0.1440497639020523, 0.016686894876306382, -2.0494874033832226e-18, -0.08100200570848275, -0.06502946283284214, -0.09128706584675676, 0.010213851261937308, 0.04427644275643013, 0.08506726892746141, 1.4265307099459613e-18, 0.03296269905365274, -2.210854126284492e-18, 0.16392672093439545, 1.8318430779378754e-20, 0.16964005726762738, 1.3452335638564932e-18, 0.2426097831507573, 0.26267665282510133, 1.492144413969713e-18, 0.1546778044597291, 0.19533370659759702, 0.2961631863123328, -1.8418019581751937e-18, 0.38581152469706453, 0.0, 0.2431745383545119, 1.6027868597312595e-19, 0.07683805164224346, -0.11316031209801763, 5.426176825083403e-19, -0.1135283092548412, 0.0, -0.0689314354664692, -0.14705026589319642, -0.15306737683935812, -0.18937505081567138, -0.27725844627231855, 3.3826052764819837e-18, -0.26743448928751257, -0.10154264355327937, -0.13687334033097898, -0.001314398858147125, 0.035553192431249186, 0.10325837190029448, 0.0, 0.025152398607017182, 3.517951384753299e-19, 0.15975360534026564, -2.032417783674987e-18, 0.16708013276900135, -3.505279238466315e-19, 0.24039760923282694, 0.260187830897674, -6.3974454054457434e-21, 0.15595648165405782, 0.20332532140580137, 0.2931838826840899, 9.248900243859638e-20, 0.3830979152790627, 0.0, 0.2548234428356392, 1.6761261642551258e-18, 0.07370612437941548, -0.2744122686963891, 1.2410314846858315e-18, -0.27525030059547906, 0.0, -0.1984627873446887, -0.2848157446212332, -0.29450505772916047, -0.3201510010388186, -0.396937288571283, -9.23732967905807e-18, -0.3870830229574632, -0.21906647706235127, -0.2578376146790721, -0.10515532445257757, -0.0695653608862016, -0.009873422198291121, 6.865581705383475e-18, -0.05569020120195767, -6.092437130482511e-19, 0.11370735267596419, -1.1917678018148572e-18, 0.1181192198965523, 3.451831873834904e-19, 0.2033046945841378, 0.22871170070992883, -7.367811439071085e-19, 0.1050370843466506, 0.1489820846899858, 0.2655683554555695, 7.44012818866113e-20, 0.3555156567191113, 0.0, 0.1986149521202452, 3.5834644708311984e-21, -0.0030233716314904866, 0.20688737070216962] 
 
Find steady state...
Run simulation for trips on lines/nodes [1]
Shutdown line 1 at t = 0.1
Terminated on steady state at 4.035767733519097
Find steady state...
Run simulation for trips on lines/nodes [2]
Shutdown line 2 at t = 0.1
Terminated on steady state at 3.2469952612363158
Find steady state...
Run simulation for trips on lines/nodes [3]
Shutdown line 3 at t = 0.1
Terminated on steady state at 4.793490921911853
Find steady state...
Run simulation for trips on lines/nodes [4]
Shutdown line 4 at t = 0.1
Terminated on steady state at 4.4443295642164955
Find steady state...
Run simulation for trips on lines/nodes [5]
Shutdown line 5 at t = 0.1
Terminated on steady state at 4.62633422857933
Find steady state...
Run simulation for trips on lines/nodes [6]
Shutdown line 6 at t = 0.1
Terminated on steady state at 3.5939737569836625
Find steady state...
Run simulation for trips on lines/nodes [7]
Shutdown line 7 at t = 0.1
Terminated on steady state at 4.687309752902075
Find steady state...
Run simulation for trips on lines/nodes [8]
Shutdown line 8 at t = 0.1
Terminated on steady state at 4.4454623158373945
Find steady state...
Run simulation for trips on lines/nodes [9]
Shutdown line 9 at t = 0.1
Terminated on steady state at 4.312353039662537
Find steady state...
Run simulation for trips on lines/nodes [10]
Shutdown line 10 at t = 0.1
Terminated on steady state at 4.628154214909095
Find steady state...
Run simulation for trips on lines/nodes [11]
Shutdown line 11 at t = 0.1
Shutdown node 7 at t = 0.10821606790700805
Terminated on steady state at 202.53402079400325
Find steady state...
Run simulation for trips on lines/nodes [12]
Shutdown line 12 at t = 0.1
Terminated on steady state at 4.511546090244421
Find steady state...
Run simulation for trips on lines/nodes [13]
Shutdown line 13 at t = 0.1
Terminated on steady state at 3.738347739953842
Find steady state...
Run simulation for trips on lines/nodes [14]
Shutdown line 14 at t = 0.1
Terminated on steady state at 3.7336476086528934
Find steady state...
Run simulation for trips on lines/nodes [15]
Shutdown line 15 at t = 0.1
Terminated on steady state at 4.330335306614892
Find steady state...
Run simulation for trips on lines/nodes [16]
Shutdown line 16 at t = 0.1
Terminated on steady state at 4.651101675212262
Find steady state...
Run simulation for trips on lines/nodes [17]
Shutdown line 17 at t = 0.1
Terminated on steady state at 4.565301604561291
Find steady state...
Run simulation for trips on lines/nodes [18]
Shutdown line 18 at t = 0.1
Terminated on steady state at 4.714231331570272
Find steady state...
Run simulation for trips on lines/nodes [19]
Shutdown line 19 at t = 0.1
Shutdown node 14 at t = 0.11996998433833082
Shutdown node 7 at t = 0.13385573530507316
Shutdown node 2 at t = 0.14020467730667133
Shutdown node 1 at t = 0.14025081187697597
Shutdown node 13 at t = 0.14558775766352958
Shutdown node 23 at t = 0.15003593891390787
Shutdown node 16 at t = 0.15185486621022964
Shutdown node 15 at t = 0.15194403004687232
Shutdown node 18 at t = 0.15251124163379196
Shutdown node 42 at t = 0.15350586671033695
Shutdown node 40 at t = 0.15356451924590944
Shutdown node 39 at t = 0.15431450059498814
Shutdown node 38 at t = 0.1543355874753365
Shutdown node 47 at t = 0.1562724588750539
Shutdown node 37 at t = 0.15785534074992547
Shutdown node 66 at t = 0.15826836164210153
Shutdown node 64 at t = 0.15873939595043138
Shutdown node 62 at t = 0.15953865337537662
Shutdown node 63 at t = 0.15979600800931185
Shutdown node 71 at t = 0.16055645109627992
Shutdown node 31 at t = 0.16149958763153052
Shutdown node 61 at t = 0.16164592066650565
Shutdown node 25 at t = 0.1623395051306724
Shutdown node 26 at t = 0.16244491512944598
Shutdown node 21 at t = 0.16378723848160104
Shutdown node 55 at t = 0.1659456375419557
Shutdown node 49 at t = 0.16689341124133134
Shutdown node 50 at t = 0.167018994289157
Shutdown node 22 at t = 0.1687915452829201
Shutdown node 45 at t = 0.17012495816934922
Shutdown node 69 at t = 0.1727162237805691
Shutdown node 46 at t = 0.17974480626413453
Shutdown node 70 at t = 0.18082125975016383
Terminated on steady state at 0.18084344062751384
Find steady state...
Run simulation for trips on lines/nodes [20]
Shutdown line 20 at t = 0.1
Terminated on steady state at 4.283139603260608
Find steady state...
Run simulation for trips on lines/nodes [21]
Shutdown line 21 at t = 0.1
Terminated on steady state at 4.640452418184107
Find steady state...
Run simulation for trips on lines/nodes [22]
Shutdown line 22 at t = 0.1
Shutdown node 23 at t = 0.12276456343173993
Shutdown node 13 at t = 0.12811286914394043
Shutdown node 16 at t = 0.1286049136746908
Shutdown node 14 at t = 0.12907802335644378
Shutdown node 15 at t = 0.12914557218906952
Shutdown node 18 at t = 0.12936908241172995
Shutdown node 42 at t = 0.13066155102722068
Shutdown node 40 at t = 0.1307381423113196
Shutdown node 39 at t = 0.13143705028446742
Shutdown node 38 at t = 0.13152822553066015
Shutdown node 7 at t = 0.1328034216221149
Shutdown node 47 at t = 0.13339067071719776
Shutdown node 1 at t = 0.1348275898797521
Shutdown node 2 at t = 0.13493054938898008
Shutdown node 37 at t = 0.13510850211064923
Shutdown node 66 at t = 0.13536221610272736
Shutdown node 64 at t = 0.13583393071129135
Shutdown node 62 at t = 0.13663397086118986
Shutdown node 63 at t = 0.13689104288406426
Shutdown node 71 at t = 0.137669238320994
Shutdown node 61 at t = 0.13875759726429937
Shutdown node 31 at t = 0.13880534128649802
Shutdown node 25 at t = 0.13967125326623397
Shutdown node 26 at t = 0.1398124761374901
Shutdown node 21 at t = 0.14044649703755785
Shutdown node 55 at t = 0.14305237571161877
Shutdown node 49 at t = 0.14399643852339103
Shutdown node 50 at t = 0.14412186766151544
Shutdown node 22 at t = 0.14576683181988395
Shutdown node 45 at t = 0.14855186509727475
Shutdown node 69 at t = 0.1497686623049267
Shutdown node 70 at t = 0.1579719157307966
Shutdown node 46 at t = 0.15839645818765674
Terminated on steady state at 0.15841957137581836
Find steady state...
Run simulation for trips on lines/nodes [23]
Shutdown line 23 at t = 0.1
Shutdown node 13 at t = 0.11852279283823149
Shutdown node 14 at t = 0.12207782297435298
Shutdown node 7 at t = 0.12787039655323904
Shutdown node 2 at t = 0.1317430465957873
Shutdown node 1 at t = 0.13179941492922087
Shutdown node 23 at t = 0.13855682827124677
Shutdown node 15 at t = 0.13982531114718996
Shutdown node 16 at t = 0.14013797156380628
Shutdown node 18 at t = 0.14138721657536435
Shutdown node 40 at t = 0.1418182618134642
Shutdown node 42 at t = 0.14183931512358872
Shutdown node 38 at t = 0.14258437587142167
Shutdown node 39 at t = 0.14262523744694833
Shutdown node 47 at t = 0.14447859108102665
Shutdown node 37 at t = 0.14607848026526243
Shutdown node 66 at t = 0.14640554335895625
Shutdown node 64 at t = 0.14687921106888094
Shutdown node 62 at t = 0.1476790925129202
Shutdown node 63 at t = 0.14793616831902232
Shutdown node 71 at t = 0.14871793772502376
Shutdown node 31 at t = 0.14974221654626074
Shutdown node 61 at t = 0.14980598126677358
Shutdown node 25 at t = 0.15060474303705493
Shutdown node 26 at t = 0.15072486346570313
Shutdown node 21 at t = 0.15224104716154188
Shutdown node 55 at t = 0.1541101946885917
Shutdown node 49 at t = 0.15505464313615236
Shutdown node 50 at t = 0.15518041424129494
Shutdown node 22 at t = 0.15683528066091382
Shutdown node 45 at t = 0.15914785652272492
Shutdown node 69 at t = 0.16087595497307655
Shutdown node 70 at t = 0.16906286784987326
Shutdown node 46 at t = 0.1717903209363914
Terminated on steady state at 0.1718338629694561
Find steady state...
Run simulation for trips on lines/nodes [24]
Shutdown line 24 at t = 0.1
Terminated on steady state at 4.745134611972229
Find steady state...
Run simulation for trips on lines/nodes [25]
Shutdown line 25 at t = 0.1
Shutdown node 16 at t = 0.10336321756410231
Shutdown node 15 at t = 0.10390155629649037
Shutdown node 18 at t = 0.1041131406586514
Shutdown node 14 at t = 0.10533787185310586
Shutdown node 23 at t = 0.10562474151264487
Shutdown node 13 at t = 0.10766105466208788
Shutdown node 42 at t = 0.10815976575608928
Shutdown node 40 at t = 0.10824601849337218
Shutdown node 39 at t = 0.10901040761919602
Shutdown node 38 at t = 0.1090424551993379
Shutdown node 47 at t = 0.11082865811723767
Shutdown node 7 at t = 0.11129920343818167
Shutdown node 1 at t = 0.112778151470838
Shutdown node 2 at t = 0.11291615743485983
Shutdown node 37 at t = 0.11319446152685683
Shutdown node 66 at t = 0.11363833206313499
Shutdown node 64 at t = 0.1141045065330323
Shutdown node 62 at t = 0.11490393430145396
Shutdown node 63 at t = 0.11516113109744087
Shutdown node 71 at t = 0.1159481684077486
Shutdown node 31 at t = 0.1170217091522396
Shutdown node 61 at t = 0.11703743995277603
Shutdown node 25 at t = 0.11789596726010018
Shutdown node 26 at t = 0.11803843938050615
Shutdown node 21 at t = 0.11924485620973653
Shutdown node 55 at t = 0.1213454455383739
Shutdown node 49 at t = 0.12228979561124863
Shutdown node 50 at t = 0.12241581673255462
Shutdown node 45 at t = 0.12808054261307877
Shutdown node 69 at t = 0.12808300779543036
Shutdown node 22 at t = 0.13481342867770285
Shutdown node 70 at t = 0.13621627750753507
Shutdown node 46 at t = 0.1390099183910751
Terminated on steady state at 0.13903180241027052
Find steady state...
Run simulation for trips on lines/nodes [26]
Shutdown line 26 at t = 0.1
Terminated on steady state at 4.078786354670419
Find steady state...
Run simulation for trips on lines/nodes [27]
Shutdown line 27 at t = 0.1
Shutdown node 21 at t = 0.10468659708348575
Shutdown node 15 at t = 0.10834019569944713
Shutdown node 16 at t = 0.10864437796941344
Shutdown node 18 at t = 0.10918989049432017
Shutdown node 14 at t = 0.10940164081734938
Shutdown node 23 at t = 0.11072673642970578
Shutdown node 13 at t = 0.11262351678915503
Shutdown node 42 at t = 0.1132217996520126
Shutdown node 40 at t = 0.11330693551318292
Shutdown node 39 at t = 0.1140840365506203
Shutdown node 38 at t = 0.11410053524324651
Shutdown node 47 at t = 0.11592618630234593
Shutdown node 7 at t = 0.11615746279414471
Shutdown node 1 at t = 0.11757097597847592
Shutdown node 2 at t = 0.11770317857037654
Shutdown node 37 at t = 0.11841588863818593
Shutdown node 66 at t = 0.11881742833203889
Shutdown node 64 at t = 0.1192695208039357
Shutdown node 71 at t = 0.12000532054253361
Shutdown node 62 at t = 0.12006846961534437
Shutdown node 63 at t = 0.12032664222197101
Shutdown node 61 at t = 0.12131018569416771
Shutdown node 31 at t = 0.12210450971635287
Shutdown node 25 at t = 0.12293062083971731
Shutdown node 26 at t = 0.1230764124257385
Shutdown node 22 at t = 0.12327379755975358
Shutdown node 55 at t = 0.12563553427626512
Shutdown node 49 at t = 0.12664285536292624
Shutdown node 50 at t = 0.12675843397961137
Shutdown node 69 at t = 0.13185131683768553
Shutdown node 45 at t = 0.13318035507569215
Shutdown node 70 at t = 0.1421847303365164
Shutdown node 46 at t = 0.14363393738998959
Terminated on steady state at 0.1436640082833199
Find steady state...
Run simulation for trips on lines/nodes [28]
Shutdown line 28 at t = 0.1
Terminated on steady state at 4.688050757481355
Find steady state...
Run simulation for trips on lines/nodes [29]
Shutdown line 29 at t = 0.1
Shutdown node 16 at t = 0.10267131981718465
Shutdown node 15 at t = 0.1031538228562437
Shutdown node 14 at t = 0.10396900861029035
Shutdown node 23 at t = 0.10512878095560978
Shutdown node 18 at t = 0.1052063024911324
Shutdown node 13 at t = 0.10744605553890506
Shutdown node 42 at t = 0.10826740047777157
Shutdown node 40 at t = 0.10836017993070458
Shutdown node 39 at t = 0.10913762445826641
Shutdown node 38 at t = 0.10916609625543469
Shutdown node 47 at t = 0.11096857076794191
Shutdown node 7 at t = 0.11111020346805929
Shutdown node 1 at t = 0.11239855962989934
Shutdown node 21 at t = 0.11242433080396019
Shutdown node 2 at t = 0.11254319070343487
Shutdown node 37 at t = 0.11269020073306782
Shutdown node 66 at t = 0.11291207835360723
Shutdown node 64 at t = 0.11338421790631138
Shutdown node 62 at t = 0.11418437643399836
Shutdown node 63 at t = 0.11444141450001229
Shutdown node 71 at t = 0.11478120198584028
Shutdown node 61 at t = 0.11591424626105884
Shutdown node 31 at t = 0.11642722108358848
Shutdown node 25 at t = 0.11738763841480152
Shutdown node 26 at t = 0.11752020486555073
Shutdown node 22 at t = 0.11757290413353451
Shutdown node 55 at t = 0.12014273227741952
Shutdown node 49 at t = 0.12111068726200018
Shutdown node 50 at t = 0.12122974711884278
Shutdown node 69 at t = 0.1251467183263105
Shutdown node 45 at t = 0.1289736467308469
Shutdown node 70 at t = 0.1363710184831311
Shutdown node 46 at t = 0.1375346708272439
Terminated on steady state at 0.13757808435168048
Find steady state...
Run simulation for trips on lines/nodes [30]
Shutdown line 30 at t = 0.1
Terminated on steady state at 4.718552314073882
Find steady state...
Run simulation for trips on lines/nodes [31]
Shutdown line 31 at t = 0.1
Shutdown node 18 at t = 0.10970519747403543
Shutdown node 21 at t = 0.11987431260831427
Shutdown node 15 at t = 0.12258125433353612
Shutdown node 16 at t = 0.122917136120994
Shutdown node 14 at t = 0.12346119068357392
Shutdown node 23 at t = 0.12587908878469878
Shutdown node 13 at t = 0.12814469278767987
Shutdown node 42 at t = 0.1290668892830405
Shutdown node 40 at t = 0.1291543556629265
Shutdown node 39 at t = 0.1299260608008596
Shutdown node 38 at t = 0.12995026353449662
Shutdown node 71 at t = 0.13068872616371377
Shutdown node 22 at t = 0.1307317982224612
Shutdown node 7 at t = 0.13158507137523817
Shutdown node 47 at t = 0.13178931070608066
Shutdown node 1 at t = 0.13263579816282964
Shutdown node 2 at t = 0.13279650975171645
Shutdown node 37 at t = 0.13356383578507072
Shutdown node 64 at t = 0.13363652330038805
Shutdown node 61 at t = 0.1336719148014187
Shutdown node 66 at t = 0.13375396974367074
Shutdown node 62 at t = 0.13432334039381952
Shutdown node 63 at t = 0.13470382057178465
Shutdown node 31 at t = 0.13729982225224702
Shutdown node 25 at t = 0.13822728897557282
Shutdown node 26 at t = 0.13836339252549446
Shutdown node 55 at t = 0.1384941475910511
Shutdown node 49 at t = 0.13967014456657031
Shutdown node 50 at t = 0.139764698190965
Shutdown node 69 at t = 0.14349313735019623
Shutdown node 45 at t = 0.14733244899962614
Shutdown node 70 at t = 0.15741610782084295
Shutdown node 46 at t = 0.15754330700029806
Terminated on steady state at 0.15757095001704766
Find steady state...
Run simulation for trips on lines/nodes [32]
Shutdown line 32 at t = 0.1
Terminated on steady state at 5.148090014546622
Find steady state...
Run simulation for trips on lines/nodes [33]
Shutdown line 33 at t = 0.1
Shutdown node 18 at t = 0.11081924279709013
Shutdown node 16 at t = 0.111325749996547
Shutdown node 15 at t = 0.11184037457584355
Shutdown node 21 at t = 0.1120172209784029
Shutdown node 14 at t = 0.11214534563165136
Shutdown node 23 at t = 0.11357255195063688
Shutdown node 13 at t = 0.11550078216571238
Shutdown node 42 at t = 0.11607534626411072
Shutdown node 40 at t = 0.11616036500422232
Shutdown node 39 at t = 0.11693034390629306
Shutdown node 38 at t = 0.11695387091443521
Shutdown node 47 at t = 0.11876466610477844
Shutdown node 7 at t = 0.11898168766686715
Shutdown node 1 at t = 0.12037364546198558
Shutdown node 2 at t = 0.1205069126449778
Shutdown node 37 at t = 0.12055623017609107
Shutdown node 66 at t = 0.12079890067649662
Shutdown node 64 at t = 0.1212689964300493
Shutdown node 62 at t = 0.12206875421556862
Shutdown node 63 at t = 0.1223259036884323
Shutdown node 71 at t = 0.12288121431770947
Shutdown node 61 at t = 0.1239821172275834
Shutdown node 31 at t = 0.12431063678693773
Shutdown node 25 at t = 0.1252467167155247
Shutdown node 26 at t = 0.12538175566719673
Shutdown node 22 at t = 0.12826869938764096
Shutdown node 55 at t = 0.12830064740802458
Shutdown node 49 at t = 0.12926207522736674
Shutdown node 50 at t = 0.1293854890648528
Shutdown node 69 at t = 0.13341479426473304
Shutdown node 45 at t = 0.13414345773936648
Shutdown node 70 at t = 0.14271377457882398
Shutdown node 46 at t = 0.1450705799919891
Terminated on steady state at 0.14509269140973668
Find steady state...
Run simulation for trips on lines/nodes [34]
Shutdown line 34 at t = 0.1
Terminated on steady state at 4.815163312658682
Find steady state...
Run simulation for trips on lines/nodes [35]
Shutdown line 35 at t = 0.1
Shutdown node 16 at t = 0.10445628517339642
Shutdown node 15 at t = 0.10500581520899548
Shutdown node 18 at t = 0.1052255797790389
Shutdown node 14 at t = 0.1053227335263614
Shutdown node 13 at t = 0.11544278726026933
Shutdown node 7 at t = 0.11981536173795021
Shutdown node 1 at t = 0.12011442557593317
Shutdown node 2 at t = 0.12031841098408089
Shutdown node 21 at t = 0.12613379875756528
Shutdown node 23 at t = 0.13825739787994554
Shutdown node 71 at t = 0.13863634595421567
Shutdown node 22 at t = 0.14152147245672603
Shutdown node 64 at t = 0.14198609053442365
Shutdown node 61 at t = 0.14207569370073014
Shutdown node 62 at t = 0.14276358513704565
Shutdown node 66 at t = 0.1427977136001578
Shutdown node 63 at t = 0.14316139177342033
Shutdown node 55 at t = 0.14716613434857956
Shutdown node 49 at t = 0.1483414041961721
Shutdown node 50 at t = 0.14843872472677752
Shutdown node 42 at t = 0.14967629358536766
Shutdown node 40 at t = 0.1497733014688377
Shutdown node 38 at t = 0.15056318484851472
Shutdown node 39 at t = 0.1505732279056851
Shutdown node 47 at t = 0.15217067941456328
Shutdown node 37 at t = 0.15359670294702252
Shutdown node 69 at t = 0.15496186931233127
Shutdown node 31 at t = 0.15709343183231442
Shutdown node 25 at t = 0.15795441755259282
Shutdown node 26 at t = 0.15804975860449355
Shutdown node 70 at t = 0.16361171812173866
Shutdown node 45 at t = 0.16795231253278448
Shutdown node 46 at t = 0.18188148160912868
Terminated on steady state at 0.18192460052470896
Find steady state...
Run simulation for trips on lines/nodes [36]
Shutdown line 36 at t = 0.1
Shutdown node 22 at t = 0.1578971960895882
Shutdown node 18 at t = 0.16952805459871959
Shutdown node 16 at t = 0.16966365459251487
Shutdown node 15 at t = 0.1700784576196064
Shutdown node 14 at t = 0.17021005026039646
Shutdown node 23 at t = 0.17154468613086332
Shutdown node 13 at t = 0.1732816395486872
Shutdown node 42 at t = 0.173975175231173
Shutdown node 40 at t = 0.1740623992299191
Shutdown node 39 at t = 0.17482188313448915
Shutdown node 38 at t = 0.17485271422623253
Shutdown node 7 at t = 0.17673631477160973
Shutdown node 47 at t = 0.1767521265245696
Shutdown node 1 at t = 0.1781051212922326
Shutdown node 2 at t = 0.17822781335506935
Shutdown node 37 at t = 0.17849463531992485
Shutdown node 66 at t = 0.17871904850846063
Shutdown node 64 at t = 0.17913343782397292
Shutdown node 62 at t = 0.17984288727399828
Shutdown node 63 at t = 0.18012753068395052
Shutdown node 71 at t = 0.18080198002188566
Shutdown node 61 at t = 0.18171506093303147
Shutdown node 31 at t = 0.18223281092799035
Shutdown node 21 at t = 0.18236383516086363
Shutdown node 25 at t = 0.18314263135648315
Shutdown node 26 at t = 0.18328002886308983
Shutdown node 55 at t = 0.1858671419045163
Shutdown node 49 at t = 0.18680958513055934
Shutdown node 50 at t = 0.18692926593198297
Shutdown node 69 at t = 0.19046840323599518
Shutdown node 45 at t = 0.19370659732510598
Shutdown node 70 at t = 0.19779398710292975
Shutdown node 46 at t = 0.20560025648475458
Terminated on steady state at 0.20564211589623257
Find steady state...
Run simulation for trips on lines/nodes [37]
Shutdown line 37 at t = 0.1
Terminated on steady state at 4.639322769467125
Find steady state...
Run simulation for trips on lines/nodes [38]
Shutdown line 38 at t = 0.1
Terminated on steady state at 3.882683731888702
Find steady state...
Run simulation for trips on lines/nodes [39]
Shutdown line 39 at t = 0.1
Terminated on steady state at 3.9463621137048523
Find steady state...
Run simulation for trips on lines/nodes [40]
Shutdown line 40 at t = 0.1
Terminated on steady state at 4.571669044418216
Find steady state...
Run simulation for trips on lines/nodes [41]
Shutdown line 41 at t = 0.1
Terminated on steady state at 4.859964287725125
Find steady state...
Run simulation for trips on lines/nodes [42]
Shutdown line 42 at t = 0.1
Terminated on steady state at 4.670250553068263
Find steady state...
Run simulation for trips on lines/nodes [43]
Shutdown line 43 at t = 0.1
Terminated on steady state at 4.614406351089325
Find steady state...
Run simulation for trips on lines/nodes [44]
Shutdown line 44 at t = 0.1
Terminated on steady state at 4.223462058578412
Find steady state...
Run simulation for trips on lines/nodes [45]
Shutdown line 45 at t = 0.1
Terminated on steady state at 4.760769173569032
Find steady state...
Run simulation for trips on lines/nodes [46]
Shutdown line 46 at t = 0.1
Terminated on steady state at 4.545653594162791
Find steady state...
Run simulation for trips on lines/nodes [47]
Shutdown line 47 at t = 0.1
Terminated on steady state at 4.380164088582414
Find steady state...
Run simulation for trips on lines/nodes [48]
Shutdown line 48 at t = 0.1
Terminated on steady state at 4.882418203968622
Find steady state...
Run simulation for trips on lines/nodes [49]
Shutdown line 49 at t = 0.1
Terminated on steady state at 4.157895237785342
Find steady state...
Run simulation for trips on lines/nodes [50]
Shutdown line 50 at t = 0.1
Shutdown node 31 at t = 0.1235052722276315
Terminated on steady state at 183.0085184519679
Find steady state...
Run simulation for trips on lines/nodes [51]
Shutdown line 51 at t = 0.1
Shutdown node 31 at t = 0.13218740598290837
Terminated on steady state at 181.46827869297042
Find steady state...
Run simulation for trips on lines/nodes [52]
Shutdown line 52 at t = 0.1
Terminated on steady state at 4.812826628232253
Find steady state...
Run simulation for trips on lines/nodes [53]
Shutdown line 53 at t = 0.1
Terminated on steady state at 4.972319333492507
Find steady state...
Run simulation for trips on lines/nodes [54]
Shutdown line 54 at t = 0.1
Terminated on steady state at 4.877511980018348
Find steady state...
Run simulation for trips on lines/nodes [55]
Shutdown line 55 at t = 0.1
Terminated on steady state at 5.028951923711787
Find steady state...
Run simulation for trips on lines/nodes [56]
Shutdown line 56 at t = 0.1
Shutdown node 38 at t = 0.11103326599366405
Shutdown node 31 at t = 0.12449163857438247
Shutdown node 26 at t = 0.13156181683690257
Shutdown node 25 at t = 0.1316423126923781
Shutdown node 7 at t = 0.13942741393938135
Shutdown node 37 at t = 0.14230357250602038
Shutdown node 47 at t = 0.1471918530043782
Shutdown node 40 at t = 0.14950443877234348
Shutdown node 39 at t = 0.14974880569913893
Shutdown node 66 at t = 0.150127609591966
Shutdown node 42 at t = 0.15024936041619485
Shutdown node 64 at t = 0.15058638071924688
Shutdown node 62 at t = 0.15138441817666104
Shutdown node 63 at t = 0.15163997317017566
Shutdown node 71 at t = 0.15241855055385184
Shutdown node 61 at t = 0.1535123817570441
Shutdown node 21 at t = 0.15458371402399226
Shutdown node 13 at t = 0.15465975838585755
Shutdown node 23 at t = 0.15498543159440323
Shutdown node 14 at t = 0.15585822005849811
Shutdown node 16 at t = 0.15626952403336375
Shutdown node 18 at t = 0.15638524832601478
Shutdown node 15 at t = 0.15654146104287425
Shutdown node 55 at t = 0.15781790015277397
Shutdown node 45 at t = 0.15791095933718483
Shutdown node 49 at t = 0.1587634262483846
Shutdown node 50 at t = 0.15888936065207312
Shutdown node 1 at t = 0.15976933653625258
Shutdown node 2 at t = 0.15981950520570953
Shutdown node 22 at t = 0.1603763895967065
Shutdown node 69 at t = 0.16439978332454078
Shutdown node 46 at t = 0.16487766328914674
Shutdown node 70 at t = 0.1750559074260288
Terminated on steady state at 0.17509546466577525
Find steady state...
Run simulation for trips on lines/nodes [57]
Shutdown line 57 at t = 0.1
Terminated on steady state at 4.5969997908023075
Find steady state...
Run simulation for trips on lines/nodes [58]
Shutdown line 58 at t = 0.1
Terminated on steady state at 4.862663760026051
Find steady state...
Run simulation for trips on lines/nodes [59]
Shutdown line 59 at t = 0.1
Shutdown node 47 at t = 0.12457811771825231
Shutdown node 37 at t = 0.12599775286891535
Shutdown node 38 at t = 0.12814041048479546
Shutdown node 40 at t = 0.1282526908801751
Shutdown node 42 at t = 0.12906800174768907
Shutdown node 39 at t = 0.1290918529272519
Shutdown node 66 at t = 0.12998905855907888
Shutdown node 64 at t = 0.13046962821838223
Shutdown node 62 at t = 0.1312719149307566
Shutdown node 63 at t = 0.13153065195122532
Shutdown node 31 at t = 0.13157114260434002
Shutdown node 71 at t = 0.132308811835815
Shutdown node 61 at t = 0.13339254673877185
Shutdown node 23 at t = 0.13375489123770984
Shutdown node 25 at t = 0.13398759020224174
Shutdown node 26 at t = 0.13401745054365768
Shutdown node 7 at t = 0.1344499795640719
Shutdown node 21 at t = 0.13447352486159062
Shutdown node 16 at t = 0.135514946599853
Shutdown node 13 at t = 0.13557355682674177
Shutdown node 18 at t = 0.13585931635816
Shutdown node 15 at t = 0.13594086574627243
Shutdown node 14 at t = 0.1361968388960862
Shutdown node 55 at t = 0.13768916251212165
Shutdown node 49 at t = 0.13863578679366495
Shutdown node 50 at t = 0.13876127488309123
Shutdown node 45 at t = 0.1390833309472819
Shutdown node 22 at t = 0.13989598136160478
Shutdown node 1 at t = 0.14080992179283744
Shutdown node 2 at t = 0.14089943845102026
Shutdown node 46 at t = 0.14194679091847956
Shutdown node 69 at t = 0.14501305300390488
Shutdown node 70 at t = 0.15393934791269473
Terminated on steady state at 0.153969758195602
Find steady state...
Run simulation for trips on lines/nodes [60]
Shutdown line 60 at t = 0.1
Shutdown node 37 at t = 0.11689436825756344
Shutdown node 38 at t = 0.12044583096708772
Shutdown node 31 at t = 0.1267597822216477
Shutdown node 26 at t = 0.13047308980971511
Shutdown node 25 at t = 0.13057842052505692
Shutdown node 7 at t = 0.13479276652231723
Shutdown node 47 at t = 0.13933144305833245
Shutdown node 40 at t = 0.14179949223322852
Shutdown node 39 at t = 0.1420922219422872
Shutdown node 66 at t = 0.1423799365863772
Shutdown node 64 at t = 0.14285946445471817
Shutdown node 62 at t = 0.14366659315444633
Shutdown node 63 at t = 0.14393324020990403
Shutdown node 71 at t = 0.14470357960717312
Shutdown node 42 at t = 0.1447808520604927
Shutdown node 61 at t = 0.14578881105042077
Shutdown node 21 at t = 0.14686518217548297
Shutdown node 13 at t = 0.1487221047931708
Shutdown node 18 at t = 0.14875166945226703
Shutdown node 23 at t = 0.1489731909148292
Shutdown node 16 at t = 0.1491455808586287
Shutdown node 15 at t = 0.149337321192675
Shutdown node 14 at t = 0.14939826694382724
Shutdown node 55 at t = 0.15008702849351013
Shutdown node 45 at t = 0.1506109782617721
Shutdown node 49 at t = 0.15102897541287483
Shutdown node 50 at t = 0.15115513281930376
Shutdown node 22 at t = 0.15281877762141138
Shutdown node 1 at t = 0.15345552200702706
Shutdown node 2 at t = 0.15352282216751914
Shutdown node 69 at t = 0.15721400536398514
Shutdown node 46 at t = 0.15915730461413016
Shutdown node 70 at t = 0.16664456636619587
Terminated on steady state at 0.16667248005763274
Find steady state...
Run simulation for trips on lines/nodes [61]
Shutdown line 61 at t = 0.1
Shutdown node 40 at t = 0.10322376902679962
Shutdown node 42 at t = 0.10406846710522459
Shutdown node 39 at t = 0.10412223613998334
Shutdown node 38 at t = 0.10514501189763362
Shutdown node 47 at t = 0.10620117931810534
Shutdown node 37 at t = 0.10867554481575573
Shutdown node 66 at t = 0.10898112809071925
Shutdown node 64 at t = 0.1094542392466089
Shutdown node 62 at t = 0.11025415623166782
Shutdown node 63 at t = 0.11051121607694456
Shutdown node 71 at t = 0.11128993580213235
Shutdown node 23 at t = 0.11191192595952561
Shutdown node 61 at t = 0.112377170728646
Shutdown node 31 at t = 0.11249753674558596
Shutdown node 7 at t = 0.11277706100015489
Shutdown node 21 at t = 0.11346109592087136
Shutdown node 13 at t = 0.11348660442064913
Shutdown node 25 at t = 0.11377778674369272
Shutdown node 26 at t = 0.11387525680986611
Shutdown node 16 at t = 0.11401076987016472
Shutdown node 15 at t = 0.11447697913020231
Shutdown node 18 at t = 0.11449225767007414
Shutdown node 14 at t = 0.11460978461567112
Shutdown node 55 at t = 0.11667230581189056
Shutdown node 49 at t = 0.11761350473501374
Shutdown node 50 at t = 0.11773895195963217
Shutdown node 22 at t = 0.11867987840026313
Shutdown node 1 at t = 0.1191943593936319
Shutdown node 2 at t = 0.11927901041709803
Shutdown node 69 at t = 0.12340000535176023
Shutdown node 45 at t = 0.12355149104699596
Shutdown node 46 at t = 0.12942550669208627
Shutdown node 70 at t = 0.1318894166599927
Terminated on steady state at 0.13191280759480659
Find steady state...
Run simulation for trips on lines/nodes [62]
Shutdown line 62 at t = 0.1
Terminated on steady state at 4.680917237943361
Find steady state...
Run simulation for trips on lines/nodes [63]
Shutdown line 63 at t = 0.1
Shutdown node 45 at t = 0.104609319517137
Shutdown node 39 at t = 0.11736015669254361
Shutdown node 40 at t = 0.11743893953791894
Shutdown node 42 at t = 0.11808166493121487
Shutdown node 38 at t = 0.11813924807362285
Shutdown node 47 at t = 0.12190847567566813
Shutdown node 37 at t = 0.12330048766208124
Shutdown node 66 at t = 0.12380633990518641
Shutdown node 64 at t = 0.12428058323611153
Shutdown node 62 at t = 0.12508140806660129
Shutdown node 63 at t = 0.1253383371118778
Shutdown node 23 at t = 0.1258464263653152
Shutdown node 46 at t = 0.12599761848533572
Shutdown node 71 at t = 0.12611781559150015
Shutdown node 31 at t = 0.12710591244291375
Shutdown node 7 at t = 0.1271801816266766
Shutdown node 61 at t = 0.12720396461690817
Shutdown node 13 at t = 0.1280028038954816
Shutdown node 21 at t = 0.1282873510375703
Shutdown node 16 at t = 0.1283545554443781
Shutdown node 25 at t = 0.12837294694411513
Shutdown node 26 at t = 0.1284707775553568
Shutdown node 15 at t = 0.12885098892566585
Shutdown node 18 at t = 0.12894657388165798
Shutdown node 14 at t = 0.12897197374388078
Shutdown node 55 at t = 0.13149731970347298
Shutdown node 49 at t = 0.13244095029532416
Shutdown node 50 at t = 0.1325664328098071
Shutdown node 1 at t = 0.13357403108865704
Shutdown node 2 at t = 0.13365979450761273
Shutdown node 22 at t = 0.1337711858716806
Shutdown node 69 at t = 0.1366059199345014
Shutdown node 70 at t = 0.14637198513652902
Terminated on steady state at 0.14642443606180455
Find steady state...
Run simulation for trips on lines/nodes [64]
Shutdown line 64 at t = 0.1
Terminated on steady state at 4.762593615712874
Find steady state...
Run simulation for trips on lines/nodes [65]
Shutdown line 65 at t = 0.1
Shutdown node 40 at t = 0.10265580803326908
Shutdown node 39 at t = 0.1034575156508048
Shutdown node 38 at t = 0.10346631733849723
Shutdown node 47 at t = 0.1053860650947081
Shutdown node 42 at t = 0.10619509951870873
Shutdown node 37 at t = 0.1071698764894676
Shutdown node 66 at t = 0.10745252208727105
Shutdown node 64 at t = 0.10792055738712465
Shutdown node 62 at t = 0.1087194230694879
Shutdown node 63 at t = 0.10897670086216914
Shutdown node 71 at t = 0.10975382741361722
Shutdown node 23 at t = 0.10981467702073265
Shutdown node 45 at t = 0.11080947261193151
Shutdown node 61 at t = 0.11084514550174986
Shutdown node 31 at t = 0.11117979190059034
Shutdown node 7 at t = 0.11160878345257196
Shutdown node 13 at t = 0.1116496105923003
Shutdown node 16 at t = 0.11184654679234451
Shutdown node 21 at t = 0.1119329758034595
Shutdown node 46 at t = 0.11228748910416628
Shutdown node 15 at t = 0.11235984013900548
Shutdown node 18 at t = 0.11247470314594045
Shutdown node 14 at t = 0.11252592139922082
Shutdown node 25 at t = 0.11254198420982024
Shutdown node 26 at t = 0.1126360171957693
Shutdown node 55 at t = 0.11514038377909504
Shutdown node 49 at t = 0.11608107338625834
Shutdown node 50 at t = 0.1162068908933372
Shutdown node 22 at t = 0.11704303567354306
Shutdown node 1 at t = 0.11724219166875725
Shutdown node 2 at t = 0.11733148380278516
Shutdown node 69 at t = 0.1218699010001091
Shutdown node 70 at t = 0.12994638801153321
Terminated on steady state at 0.12997176872820243
Find steady state...
Run simulation for trips on lines/nodes [66]
Shutdown line 66 at t = 0.1
Terminated on steady state at 4.650781897037232
Find steady state...
Run simulation for trips on lines/nodes [67]
Shutdown line 67 at t = 0.1
Shutdown node 42 at t = 0.10988600759953766
Shutdown node 45 at t = 0.12005180652913186
Shutdown node 39 at t = 0.12775617662400207
Shutdown node 40 at t = 0.1280956290888566
Shutdown node 38 at t = 0.12867959237751136
Shutdown node 46 at t = 0.1306613428437666
Shutdown node 47 at t = 0.13161910184767642
Shutdown node 23 at t = 0.13178899700023666
Shutdown node 16 at t = 0.13362563815816417
Shutdown node 13 at t = 0.1339213216306354
Shutdown node 37 at t = 0.13411715795923207
Shutdown node 15 at t = 0.13415583424279695
Shutdown node 18 at t = 0.13437486495255813
Shutdown node 14 at t = 0.13438003146174718
Shutdown node 66 at t = 0.134733042683711
Shutdown node 64 at t = 0.13520843818945374
Shutdown node 62 at t = 0.13600831919580011
Shutdown node 7 at t = 0.13604660080873984
Shutdown node 63 at t = 0.13626530531936915
Shutdown node 71 at t = 0.13704348304575825
Shutdown node 31 at t = 0.13786776105580434
Shutdown node 61 at t = 0.13813160550960576
Shutdown node 25 at t = 0.13888287196752022
Shutdown node 26 at t = 0.13900647792801168
Shutdown node 21 at t = 0.13929709736939533
Shutdown node 1 at t = 0.13979458667118908
Shutdown node 2 at t = 0.13989494304546604
Shutdown node 55 at t = 0.14241413298754477
Shutdown node 49 at t = 0.1433494739897275
Shutdown node 50 at t = 0.14347471756517313
Shutdown node 22 at t = 0.14393232434390005
Shutdown node 69 at t = 0.14916514506114267
Shutdown node 70 at t = 0.1592088296333182
Terminated on steady state at 0.1592418786353204
Find steady state...
Run simulation for trips on lines/nodes [68]
Shutdown line 68 at t = 0.1
Terminated on steady state at 5.519363220526858
Find steady state...
Run simulation for trips on lines/nodes [69]
Shutdown line 69 at t = 0.1
Shutdown node 42 at t = 0.11130807336418055
Shutdown node 45 at t = 0.11142552725737699
Shutdown node 40 at t = 0.11187647300640446
Shutdown node 39 at t = 0.1127278522013879
Shutdown node 38 at t = 0.11273975599902697
Shutdown node 47 at t = 0.11451538426358057
Shutdown node 37 at t = 0.11690303172464551
Shutdown node 66 at t = 0.11725337425432408
Shutdown node 64 at t = 0.1177250575846241
Shutdown node 62 at t = 0.11852493720787016
Shutdown node 63 at t = 0.11878202658870923
Shutdown node 23 at t = 0.11883073654819216
Shutdown node 71 at t = 0.11956033787604646
Shutdown node 61 at t = 0.12064932954660526
Shutdown node 31 at t = 0.12080503335899703
Shutdown node 7 at t = 0.12116160488611213
Shutdown node 13 at t = 0.12125704910961273
Shutdown node 16 at t = 0.12140854689645417
Shutdown node 21 at t = 0.12173496208383025
Shutdown node 15 at t = 0.1219359190859553
Shutdown node 18 at t = 0.12208317681413679
Shutdown node 14 at t = 0.12209793642753207
Shutdown node 25 at t = 0.12212306134030103
Shutdown node 26 at t = 0.12221816551672449
Shutdown node 55 at t = 0.12493809292248129
Shutdown node 49 at t = 0.12587961810441722
Shutdown node 50 at t = 0.12600511029972414
Shutdown node 22 at t = 0.1266317339154409
Shutdown node 1 at t = 0.1268115544782
Shutdown node 2 at t = 0.12689995934627715
Shutdown node 69 at t = 0.1316354799952357
Shutdown node 70 at t = 0.13907045100624063
Shutdown node 46 at t = 1.6157776171305
Terminated on steady state at 1.6158908617628849
Find steady state...
Run simulation for trips on lines/nodes [70]
Shutdown line 70 at t = 0.1
Terminated on steady state at 5.071918256157893
Find steady state...
Run simulation for trips on lines/nodes [71]
Shutdown line 71 at t = 0.1
Shutdown node 40 at t = 0.10414677943069767
Shutdown node 42 at t = 0.10502651013630211
Shutdown node 39 at t = 0.10508107493967542
Shutdown node 38 at t = 0.10510761243549342
Shutdown node 23 at t = 0.11238743081627656
Shutdown node 13 at t = 0.11385832723781632
Shutdown node 16 at t = 0.11415997108823854
Shutdown node 15 at t = 0.1146914599183819
Shutdown node 14 at t = 0.1148368177204895
Shutdown node 18 at t = 0.11490865291386507
Shutdown node 37 at t = 0.11495000947629584
Shutdown node 7 at t = 0.11533719359997333
Shutdown node 1 at t = 0.11973650632314223
Shutdown node 2 at t = 0.11982566948929074
Shutdown node 31 at t = 0.11995517819704482
Shutdown node 25 at t = 0.1203252772929797
Shutdown node 26 at t = 0.12051160861790791
Shutdown node 21 at t = 0.12543654783813862
Shutdown node 45 at t = 0.12995891004558324
Shutdown node 46 at t = 0.13455402858824528
Shutdown node 71 at t = 0.13616233430619737
Shutdown node 47 at t = 0.1366745679444952
Shutdown node 66 at t = 0.13967121993738707
Shutdown node 61 at t = 0.13968906919434607
Shutdown node 64 at t = 0.13970694127167427
Shutdown node 62 at t = 0.14037417425866464
Shutdown node 63 at t = 0.14076786570893268
Shutdown node 22 at t = 0.1414568372977176
Shutdown node 55 at t = 0.1448421507985456
Shutdown node 49 at t = 0.14601896315050922
Shutdown node 50 at t = 0.14611799866924435
Shutdown node 69 at t = 0.1516966349004073
Shutdown node 70 at t = 0.16358613323710594
Terminated on steady state at 0.16362081963624497
Find steady state...
Run simulation for trips on lines/nodes [72]
Shutdown line 72 at t = 0.1
Shutdown node 45 at t = 0.11299686553909952
Shutdown node 42 at t = 0.11716071125339753
Shutdown node 40 at t = 0.11768759296423889
Shutdown node 39 at t = 0.11820814048810768
Shutdown node 38 at t = 0.11850742690332516
Shutdown node 47 at t = 0.1202029574727551
Shutdown node 37 at t = 0.12264994147370255
Shutdown node 66 at t = 0.1229803725748214
Shutdown node 64 at t = 0.12345260427174672
Shutdown node 62 at t = 0.12425270746999367
Shutdown node 63 at t = 0.1245097727006519
Shutdown node 71 at t = 0.12528824867218125
Shutdown node 23 at t = 0.12543507740322463
Shutdown node 61 at t = 0.12637715584973044
Shutdown node 31 at t = 0.12657087872842837
Shutdown node 7 at t = 0.12731831483402167
Shutdown node 21 at t = 0.12746311524332032
Shutdown node 16 at t = 0.1277751557756772
Shutdown node 13 at t = 0.12783401318153034
Shutdown node 25 at t = 0.12801625681648188
Shutdown node 26 at t = 0.1280950453544499
Shutdown node 15 at t = 0.12826094227876725
Shutdown node 18 at t = 0.1283169708053951
Shutdown node 14 at t = 0.12848092953248907
Shutdown node 55 at t = 0.13067281867776714
Shutdown node 49 at t = 0.13161429539543354
Shutdown node 50 at t = 0.13173988017780502
Shutdown node 22 at t = 0.13245863366067007
Shutdown node 1 at t = 0.13325704191277726
Shutdown node 2 at t = 0.13334518714426657
Shutdown node 69 at t = 0.13737218049378735
Shutdown node 70 at t = 0.14526185655706447
Shutdown node 46 at t = 0.15190226740263452
Terminated on steady state at 0.15195267971454363
Find steady state...
Run simulation for trips on lines/nodes [73]
Shutdown line 73 at t = 0.1
Terminated on steady state at 4.788259642944667
Find steady state...
Run simulation for trips on lines/nodes [74]
Shutdown line 74 at t = 0.1
Terminated on steady state at 3.8523843120228354
Find steady state...
Run simulation for trips on lines/nodes [75]
Shutdown line 75 at t = 0.1
Terminated on steady state at 4.48523115733024
Find steady state...
Run simulation for trips on lines/nodes [76]
Shutdown line 76 at t = 0.1
Terminated on steady state at 4.349012733482873
Find steady state...
Run simulation for trips on lines/nodes [77]
Shutdown line 77 at t = 0.1
Terminated on steady state at 4.013084512472931
Find steady state...
Run simulation for trips on lines/nodes [78]
Shutdown line 78 at t = 0.1
Terminated on steady state at 4.370506171040437
Find steady state...
Run simulation for trips on lines/nodes [79]
Shutdown line 79 at t = 0.1
Terminated on steady state at 3.9934738421169502
Find steady state...
Run simulation for trips on lines/nodes [80]
Shutdown line 80 at t = 0.1
Shutdown node 49 at t = 0.16063587689154618
Shutdown node 50 at t = 0.1606889586530723
Shutdown node 55 at t = 0.16857997000864636
Shutdown node 61 at t = 0.16894484046473637
Shutdown node 62 at t = 0.1709720405012257
Shutdown node 64 at t = 0.17290832092689915
Shutdown node 66 at t = 0.1739347060212522
Shutdown node 71 at t = 0.1742035450412208
Shutdown node 63 at t = 0.17449622203726342
Shutdown node 21 at t = 0.17613591962312503
Shutdown node 18 at t = 0.17799969872747512
Shutdown node 16 at t = 0.17845724310631175
Shutdown node 15 at t = 0.1786759033342065
Shutdown node 14 at t = 0.17991031378752637
Shutdown node 23 at t = 0.18057824688555815
Shutdown node 22 at t = 0.1815050010821388
Shutdown node 13 at t = 0.18261362004827367
Shutdown node 42 at t = 0.18312533219358076
Shutdown node 40 at t = 0.183216156068506
Shutdown node 39 at t = 0.18398802695454508
Shutdown node 38 at t = 0.18402577510830403
Shutdown node 47 at t = 0.1858206222531357
Shutdown node 7 at t = 0.18608190194877028
Shutdown node 1 at t = 0.18746989563495323
Shutdown node 37 at t = 0.18749103112493745
Shutdown node 2 at t = 0.18760854784941336
Shutdown node 69 at t = 0.190246870277544
Shutdown node 31 at t = 0.19118680847881728
Shutdown node 25 at t = 0.19213923884282638
Shutdown node 26 at t = 0.19227228188674728
Shutdown node 45 at t = 0.2015910817666185
Shutdown node 70 at t = 0.21091170687182945
Shutdown node 46 at t = 0.21262719395032054
Terminated on steady state at 0.2126581175080568
Find steady state...
Run simulation for trips on lines/nodes [81]
Shutdown line 81 at t = 0.1
Terminated on steady state at 4.511617780285419
Find steady state...
Run simulation for trips on lines/nodes [82]
Shutdown line 82 at t = 0.1
Terminated on steady state at 4.20428530381838
Find steady state...
Run simulation for trips on lines/nodes [83]
Shutdown line 83 at t = 0.1
Terminated on steady state at 4.693979378134718
Find steady state...
Run simulation for trips on lines/nodes [84]
Shutdown line 84 at t = 0.1
Terminated on steady state at 4.017650439028453
Find steady state...
Run simulation for trips on lines/nodes [85]
Shutdown line 85 at t = 0.1
Shutdown node 55 at t = 0.12333487934613192
Shutdown node 61 at t = 67.0721393697252
Shutdown node 62 at t = 67.07366670729772
Shutdown node 64 at t = 67.07863151497503
Shutdown node 66 at t = 67.07915014602524
Shutdown node 63 at t = 67.0793262735654
Shutdown node 71 at t = 67.07977981898192
Shutdown node 50 at t = 67.08064958665054
Shutdown node 49 at t = 67.08069269703515
Shutdown node 21 at t = 67.0811042260617
Shutdown node 18 at t = 67.08219119601453
Shutdown node 16 at t = 67.08244230255364
Shutdown node 15 at t = 67.08255984474567
Shutdown node 14 at t = 67.0827968545217
Shutdown node 23 at t = 67.08355216075462
Shutdown node 22 at t = 67.08390397595976
Shutdown node 13 at t = 67.08462378091754
Shutdown node 42 at t = 67.08492449083117
Shutdown node 40 at t = 67.08497721389196
Shutdown node 39 at t = 67.08535177173344
Shutdown node 38 at t = 67.08536859118742
Shutdown node 45 at t = 67.08541231683863
Shutdown node 47 at t = 67.08656964986001
Shutdown node 7 at t = 67.08680620398893
Shutdown node 37 at t = 67.08743978819518
Shutdown node 1 at t = 67.08767062940152
Shutdown node 2 at t = 67.08775016419462
Shutdown node 31 at t = 67.08977915400366
Shutdown node 46 at t = 67.0901235896024
Shutdown node 25 at t = 67.09018381251816
Shutdown node 26 at t = 67.09027949880779
Shutdown node 69 at t = 67.0917103974271
Shutdown node 70 at t = 67.09559797310095
Terminated on steady state at 67.09566427993173
Find steady state...
Run simulation for trips on lines/nodes [86]
Shutdown line 86 at t = 0.1
Shutdown node 55 at t = 0.13305303515727132
Shutdown node 61 at t = 65.04744423274073
Shutdown node 62 at t = 65.04906488961936
Shutdown node 64 at t = 65.05467988884172
Shutdown node 66 at t = 65.05523446319401
Shutdown node 63 at t = 65.05537434003817
Shutdown node 50 at t = 65.05574877969386
Shutdown node 49 at t = 65.0557943960414
Shutdown node 71 at t = 65.05580368144368
Shutdown node 21 at t = 65.05714823581523
Shutdown node 18 at t = 65.05826707450035
Shutdown node 16 at t = 65.05852913238975
Shutdown node 15 at t = 65.05864743210489
Shutdown node 14 at t = 65.05889401145497
Shutdown node 23 at t = 65.05965390974188
Shutdown node 22 at t = 65.05997174693121
Shutdown node 13 at t = 65.06074294581093
Shutdown node 42 at t = 65.06105429895246
Shutdown node 40 at t = 65.06110823420846
Shutdown node 39 at t = 65.06149424633723
Shutdown node 38 at t = 65.06150960730842
Shutdown node 45 at t = 65.06155020981103
Shutdown node 47 at t = 65.06271011367129
Shutdown node 7 at t = 65.06297927409017
Shutdown node 37 at t = 65.06358694995895
Shutdown node 1 at t = 65.06387999984753
Shutdown node 2 at t = 65.06395944324117
Shutdown node 46 at t = 65.06510182941862
Shutdown node 31 at t = 65.06595680995925
Shutdown node 25 at t = 65.0663970276922
Shutdown node 26 at t = 65.06649161028362
Shutdown node 69 at t = 65.06740068965483
Shutdown node 70 at t = 65.07435329445373
Terminated on steady state at 65.07443344658184
Find steady state...
Run simulation for trips on lines/nodes [87]
Shutdown line 87 at t = 0.1
Terminated on steady state at 4.3463987250166625
Find steady state...
Run simulation for trips on lines/nodes [88]
Shutdown line 88 at t = 0.1
Terminated on steady state at 4.509884453024952
Find steady state...
Run simulation for trips on lines/nodes [89]
Shutdown line 89 at t = 0.1
Terminated on steady state at 4.6385541800716314
Find steady state...
Run simulation for trips on lines/nodes [90]
Shutdown line 90 at t = 0.1
Terminated on steady state at 4.777278380299965
Find steady state...
Run simulation for trips on lines/nodes [91]
Shutdown line 91 at t = 0.1
Shutdown node 61 at t = 0.10716598502892014
Shutdown node 62 at t = 0.11046011183785759
Shutdown node 64 at t = 0.1174603881904169
Shutdown node 55 at t = 0.11810458580744046
Shutdown node 66 at t = 0.11822406522405655
Shutdown node 63 at t = 0.1184960814754385
Shutdown node 71 at t = 0.1190760009225988
Shutdown node 21 at t = 0.12108075032068329
Shutdown node 49 at t = 0.1214353931518424
Shutdown node 50 at t = 0.12147554965465095
Shutdown node 18 at t = 0.12296731602671837
Shutdown node 16 at t = 0.12344376668515704
Shutdown node 15 at t = 0.12366006220559425
Shutdown node 14 at t = 0.12491506146479911
Shutdown node 23 at t = 0.12557995799073873
Shutdown node 22 at t = 0.12653976880894313
Shutdown node 13 at t = 0.1276216306414283
Shutdown node 42 at t = 0.1281174702540916
Shutdown node 40 at t = 0.1282010333059354
Shutdown node 39 at t = 0.12896695506459768
Shutdown node 38 at t = 0.1289984225200449
Shutdown node 47 at t = 0.1305216043899305
Shutdown node 7 at t = 0.13114225215767428
Shutdown node 69 at t = 0.13250453608921461
Shutdown node 1 at t = 0.13261899176949077
Shutdown node 2 at t = 0.13274862469204665
Shutdown node 37 at t = 0.1331156358028866
Shutdown node 31 at t = 0.1370015070797718
Shutdown node 25 at t = 0.13783800618342326
Shutdown node 26 at t = 0.13798418246991975
Shutdown node 45 at t = 0.14660082862434823
Shutdown node 70 at t = 0.14723150755328052
Shutdown node 46 at t = 0.15699724606089405
Terminated on steady state at 0.15705262914815696
Find steady state...
Run simulation for trips on lines/nodes [92]
Shutdown line 92 at t = 0.1
Shutdown node 62 at t = 0.11182601341517365
Shutdown node 64 at t = 0.11536553092804823
Shutdown node 66 at t = 0.1161386660327315
Shutdown node 63 at t = 0.11650210414437885
Shutdown node 71 at t = 0.11724232055961456
Shutdown node 61 at t = 0.1178000541009971
Shutdown node 21 at t = 0.11931284118515545
Shutdown node 18 at t = 0.12120896265046194
Shutdown node 16 at t = 0.12168543101010665
Shutdown node 15 at t = 0.12190147790183434
Shutdown node 55 at t = 0.12250231041885838
Shutdown node 14 at t = 0.12315869907625475
Shutdown node 49 at t = 0.1235227134593709
Shutdown node 50 at t = 0.12364881524739436
Shutdown node 23 at t = 0.12382235619918582
Shutdown node 22 at t = 0.12483303270401384
Shutdown node 13 at t = 0.12586377799418758
Shutdown node 42 at t = 0.1263599789268156
Shutdown node 40 at t = 0.1264435623165352
Shutdown node 39 at t = 0.12720971851251486
Shutdown node 38 at t = 0.1272416020269879
Shutdown node 47 at t = 0.12881031038010587
Shutdown node 7 at t = 0.12940599753733573
Shutdown node 69 at t = 0.1303718834494569
Shutdown node 37 at t = 0.13039772725778384
Shutdown node 1 at t = 0.1308931192879625
Shutdown node 2 at t = 0.13102396267047298
Shutdown node 31 at t = 0.1340738653732509
Shutdown node 25 at t = 0.13506360671315973
Shutdown node 26 at t = 0.13519228735128172
Shutdown node 70 at t = 0.141702508847068
Shutdown node 45 at t = 0.14420900199184217
Shutdown node 46 at t = 0.15356479899495926
Terminated on steady state at 0.15360806718756137
Find steady state...
Run simulation for trips on lines/nodes [93]
Shutdown line 93 at t = 0.1
Shutdown node 61 at t = 0.11424858585980736
Shutdown node 62 at t = 0.11864794488743809
Shutdown node 64 at t = 0.12530907040660275
Shutdown node 55 at t = 0.12570315611198704
Shutdown node 66 at t = 0.12606832480856914
Shutdown node 63 at t = 0.12633697513105663
Shutdown node 71 at t = 0.12718201990361766
Shutdown node 49 at t = 0.1290590050547572
Shutdown node 50 at t = 0.12909432086190034
Shutdown node 21 at t = 0.12914484058848175
Shutdown node 18 at t = 0.13101163869491433
Shutdown node 16 at t = 0.1314862388463716
Shutdown node 15 at t = 0.13170258531977788
Shutdown node 14 at t = 0.13295595196661839
Shutdown node 23 at t = 0.13362110524351198
Shutdown node 22 at t = 0.1345750717646592
Shutdown node 13 at t = 0.13566225345761687
Shutdown node 42 at t = 0.1361575115144755
Shutdown node 40 at t = 0.13624096801697524
Shutdown node 39 at t = 0.13700679062603147
Shutdown node 38 at t = 0.13703808563945927
Shutdown node 47 at t = 0.13856167541357725
Shutdown node 7 at t = 0.1391786462706921
Shutdown node 69 at t = 0.14036677825087243
Shutdown node 1 at t = 0.14065323865562215
Shutdown node 2 at t = 0.1407826963018053
Shutdown node 37 at t = 0.14110764117505367
Shutdown node 31 at t = 0.1449506195500425
Shutdown node 25 at t = 0.14579174480185655
Shutdown node 26 at t = 0.14593750234131356
Shutdown node 70 at t = 0.14949379331619042
Shutdown node 45 at t = 0.15604660138456472
Shutdown node 46 at t = 0.16676222215983935
Terminated on steady state at 0.16678573907746194
Find steady state...
Run simulation for trips on lines/nodes [94]
Shutdown line 94 at t = 0.1
Shutdown node 61 at t = 0.10812456909481678
Shutdown node 71 at t = 0.10907729811739025
Shutdown node 62 at t = 0.11072320027910783
Shutdown node 55 at t = 0.11444491791239617
Shutdown node 50 at t = 0.1166960983453707
Shutdown node 49 at t = 0.11674843012189516
Shutdown node 64 at t = 0.1219736715041265
Shutdown node 63 at t = 0.12255523156976997
Shutdown node 66 at t = 0.12271493066381522
Shutdown node 21 at t = 0.12398870804923225
Shutdown node 18 at t = 0.12568375147236532
Shutdown node 16 at t = 0.12614363652955732
Shutdown node 15 at t = 0.1263623216870278
Shutdown node 14 at t = 0.12760782250670774
Shutdown node 23 at t = 0.1282721684349589
Shutdown node 22 at t = 0.12922111752610338
Shutdown node 13 at t = 0.13031122807128254
Shutdown node 42 at t = 0.13080392581403352
Shutdown node 40 at t = 0.13088819433338
Shutdown node 39 at t = 0.13165444133510257
Shutdown node 38 at t = 0.13168584783266477
Shutdown node 69 at t = 0.1326229409307695
Shutdown node 47 at t = 0.13324867733653517
Shutdown node 7 at t = 0.13384641107290066
Shutdown node 37 at t = 0.13488023455005266
Shutdown node 1 at t = 0.13532644174003639
Shutdown node 2 at t = 0.13545727674580338
Shutdown node 31 at t = 0.1385478330094584
Shutdown node 25 at t = 0.13952719729607474
Shutdown node 26 at t = 0.13965695626498714
Shutdown node 70 at t = 0.14094296886457028
Shutdown node 45 at t = 0.14966402323431616
Shutdown node 46 at t = 0.15727026430121022
Terminated on steady state at 0.15731714722229762
Find steady state...
Run simulation for trips on lines/nodes [95]
Shutdown line 95 at t = 0.1
Shutdown node 61 at t = 0.10525395187844988
Shutdown node 62 at t = 0.10909104926933977
Shutdown node 64 at t = 0.11441803005829651
Shutdown node 66 at t = 0.1151818386695684
Shutdown node 55 at t = 0.11521524738095151
Shutdown node 63 at t = 0.11545737519755349
Shutdown node 71 at t = 0.11664734559501612
Shutdown node 49 at t = 0.11819625829028405
Shutdown node 50 at t = 0.11822886515729125
Shutdown node 21 at t = 0.11869056341773905
Shutdown node 18 at t = 0.12059395093184844
Shutdown node 16 at t = 0.12107133197738623
Shutdown node 15 at t = 0.12128819260750555
Shutdown node 14 at t = 0.1225439229267613
Shutdown node 23 at t = 0.12320855652551417
Shutdown node 22 at t = 0.12417052014172358
Shutdown node 13 at t = 0.1252506622489063
Shutdown node 42 at t = 0.12574698724973316
Shutdown node 40 at t = 0.1258301977926632
Shutdown node 39 at t = 0.12659592308697748
Shutdown node 38 at t = 0.12662721987336203
Shutdown node 47 at t = 0.12811938318165667
Shutdown node 7 at t = 0.12876149419520896
Shutdown node 1 at t = 0.13022939235443554
Shutdown node 2 at t = 0.13035913308437103
Shutdown node 37 at t = 0.1306163483030015
Shutdown node 69 at t = 0.13094882451051532
Shutdown node 31 at t = 0.13455250857367815
Shutdown node 25 at t = 0.1353962985529902
Shutdown node 26 at t = 0.13554195504043604
Shutdown node 70 at t = 0.13901910712844082
Shutdown node 45 at t = 0.1442374893709886
Shutdown node 46 at t = 0.15435732029198623
Terminated on steady state at 0.1543801025018694
Find steady state...
Run simulation for trips on lines/nodes [96]
Shutdown line 96 at t = 0.1
Shutdown node 64 at t = 0.10255738656573518
Shutdown node 66 at t = 0.10334257802584294
Shutdown node 63 at t = 0.10371586109031079
Shutdown node 62 at t = 0.10415407729359959
Shutdown node 71 at t = 0.10455052318876665
Shutdown node 61 at t = 0.10570337895331645
Shutdown node 21 at t = 0.10671865200998244
Shutdown node 18 at t = 0.1086130022379488
Shutdown node 16 at t = 0.10908936915211506
Shutdown node 15 at t = 0.10930536003598171
Shutdown node 55 at t = 0.10998770915368947
Shutdown node 14 at t = 0.11056104505274024
Shutdown node 49 at t = 0.11090677586179895
Shutdown node 50 at t = 0.1110342749026424
Shutdown node 23 at t = 0.11122553994372789
Shutdown node 22 at t = 0.11220960787727652
Shutdown node 13 at t = 0.11326688072677768
Shutdown node 42 at t = 0.11376252680681179
Shutdown node 40 at t = 0.1138457631651868
Shutdown node 39 at t = 0.11461183305148519
Shutdown node 38 at t = 0.11464338076957452
Shutdown node 47 at t = 0.1161325361565121
Shutdown node 7 at t = 0.11679553766984246
Shutdown node 37 at t = 0.1177525761837392
Shutdown node 1 at t = 0.11826929058380385
Shutdown node 2 at t = 0.1184000079470912
Shutdown node 69 at t = 0.11906182492862337
Shutdown node 31 at t = 0.12142258906194128
Shutdown node 25 at t = 0.12242049436175845
Shutdown node 26 at t = 0.12254863446610349
Shutdown node 70 at t = 0.1300506932682459
Shutdown node 45 at t = 0.13201718192922499
Shutdown node 46 at t = 0.14107102973400412
Terminated on steady state at 0.1411000040367043
Find steady state...
Run simulation for trips on lines/nodes [97]
Shutdown line 97 at t = 0.1
Terminated on steady state at 6.678395406978096
Find steady state...
Run simulation for trips on lines/nodes [98]
Shutdown line 98 at t = 0.1
Shutdown node 69 at t = 0.10400324844208089
Shutdown node 63 at t = 0.12000317064736209
Shutdown node 64 at t = 0.1200734795456744
Shutdown node 66 at t = 0.12062336109706744
Shutdown node 62 at t = 0.12074254364438859
Shutdown node 71 at t = 0.12164390001719717
Shutdown node 61 at t = 0.12268264482360929
Shutdown node 21 at t = 0.12377261418501326
Shutdown node 18 at t = 0.12566418966216641
Shutdown node 16 at t = 0.12614048459762628
Shutdown node 15 at t = 0.12635645307375615
Shutdown node 55 at t = 0.12697694349321512
Shutdown node 14 at t = 0.12761276107744476
Shutdown node 49 at t = 0.12787993938681821
Shutdown node 50 at t = 0.12800906825001448
Shutdown node 23 at t = 0.12827681012418257
Shutdown node 22 at t = 0.129271573802411
Shutdown node 70 at t = 0.1302626177173013
Shutdown node 13 at t = 0.13031810883282524
Shutdown node 42 at t = 0.13081389408054547
Shutdown node 40 at t = 0.13089744961064118
Shutdown node 39 at t = 0.13166349831037577
Shutdown node 38 at t = 0.13169521816583218
Shutdown node 47 at t = 0.1332505154475916
Shutdown node 7 at t = 0.13385415460487074
Shutdown node 37 at t = 0.13486173150437408
Shutdown node 1 at t = 0.13534024700309702
Shutdown node 2 at t = 0.13547060507889938
Shutdown node 31 at t = 0.13853113468565054
Shutdown node 25 at t = 0.13951870821255025
Shutdown node 26 at t = 0.13964764007677752
Shutdown node 45 at t = 0.14888066411748696
Shutdown node 46 at t = 0.1577518339532869
Terminated on steady state at 0.15777725758197989
Find steady state...
Run simulation for trips on lines/nodes [99]
Shutdown line 99 at t = 0.1
Shutdown node 49 at t = 0.1627992950210521
Shutdown node 50 at t = 0.16286041859111686
Shutdown node 55 at t = 0.17130578546235797
Shutdown node 61 at t = 0.17186006920996652
Shutdown node 62 at t = 0.1738571603996234
Shutdown node 64 at t = 0.17580896838418655
Shutdown node 66 at t = 0.17681132950919567
Shutdown node 71 at t = 0.17720151737882683
Shutdown node 63 at t = 0.1773558614480689
Shutdown node 21 at t = 0.17909294061486047
Shutdown node 18 at t = 0.1809566644425773
Shutdown node 16 at t = 0.18141627403119473
Shutdown node 15 at t = 0.18163222064479348
Shutdown node 14 at t = 0.1828678136463563
Shutdown node 23 at t = 0.18353674828418265
Shutdown node 22 at t = 0.1844269551347418
Shutdown node 13 at t = 0.18557298462542177
Shutdown node 42 at t = 0.18608760390560775
Shutdown node 40 at t = 0.1861794018727426
Shutdown node 39 at t = 0.18695472906741872
Shutdown node 38 at t = 0.18699434996208772
Shutdown node 47 at t = 0.1888554037039156
Shutdown node 7 at t = 0.1890399273842668
Shutdown node 1 at t = 0.1904337076779531
Shutdown node 37 at t = 0.1905115799520515
Shutdown node 2 at t = 0.1905756381410912
Shutdown node 69 at t = 0.19208690648942764
Shutdown node 31 at t = 0.19421700157660665
Shutdown node 25 at t = 0.19515121102475122
Shutdown node 26 at t = 0.19528641863289137
Shutdown node 45 at t = 0.20457002760442383
Shutdown node 46 at t = 0.21662265722086013
Shutdown node 70 at t = 0.2185774987970575
Terminated on steady state at 0.21860976687267342
Find steady state...
Run simulation for trips on lines/nodes [100]
Shutdown line 100 at t = 0.1
Shutdown node 64 at t = 0.10225669826855967
Shutdown node 62 at t = 0.10305581918329915
Shutdown node 63 at t = 0.10331347156738832
Shutdown node 71 at t = 0.10412810735157108
Shutdown node 66 at t = 0.10443206688542649
Shutdown node 61 at t = 0.10519310050757466
Shutdown node 21 at t = 0.10637016569742595
Shutdown node 18 at t = 0.10840888667698505
Shutdown node 16 at t = 0.1088850912451785
Shutdown node 15 at t = 0.10910758608577428
Shutdown node 55 at t = 0.10966307619455919
Shutdown node 14 at t = 0.1103724084110507
Shutdown node 49 at t = 0.1105932859902622
Shutdown node 50 at t = 0.11072755950192337
Shutdown node 23 at t = 0.1110296437595894
Shutdown node 69 at t = 0.11148703764012825
Shutdown node 22 at t = 0.11265742873785191
Shutdown node 13 at t = 0.1130725471788342
Shutdown node 42 at t = 0.11356942948354691
Shutdown node 40 at t = 0.11365355972833174
Shutdown node 39 at t = 0.11442026149578642
Shutdown node 38 at t = 0.11445342926737163
Shutdown node 47 at t = 0.11604959801296519
Shutdown node 7 at t = 0.11669395818158823
Shutdown node 70 at t = 0.11698834737771709
Shutdown node 37 at t = 0.11759851616880126
Shutdown node 1 at t = 0.11817201861195305
Shutdown node 2 at t = 0.11830742117049015
Shutdown node 31 at t = 0.12124581637229205
Shutdown node 25 at t = 0.12223703429055481
Shutdown node 26 at t = 0.12236518593331938
Shutdown node 45 at t = 0.12999244244083544
Shutdown node 46 at t = 0.1382005237264845
Terminated on steady state at 0.13824033329773527
Find steady state...
Run simulation for trips on lines/nodes [101]
Shutdown line 101 at t = 0.1
Terminated on steady state at 4.276177590222588
Find steady state...
Run simulation for trips on lines/nodes [102]
Shutdown line 102 at t = 0.1
Shutdown node 64 at t = 0.10651777659356083
Shutdown node 66 at t = 0.10730823384817426
Shutdown node 62 at t = 0.10740924862851318
Shutdown node 63 at t = 0.10766585088491465
Shutdown node 71 at t = 0.10851566998966274
Shutdown node 61 at t = 0.11000368771708341
Shutdown node 21 at t = 0.1113638347884679
Shutdown node 18 at t = 0.11330318320086816
Shutdown node 16 at t = 0.11377952685503587
Shutdown node 15 at t = 0.11399812214278984
Shutdown node 55 at t = 0.11443156013273147
Shutdown node 14 at t = 0.11525763302502275
Shutdown node 49 at t = 0.11528028651186292
Shutdown node 50 at t = 0.11541902196948835
Shutdown node 23 at t = 0.11591940731685584
Shutdown node 22 at t = 0.1170632757659948
Shutdown node 13 at t = 0.11796133998290455
Shutdown node 42 at t = 0.11845782548562706
Shutdown node 40 at t = 0.11854079780125135
Shutdown node 39 at t = 0.1193069164758693
Shutdown node 38 at t = 0.11933867265013902
Shutdown node 47 at t = 0.12081928249579758
Shutdown node 7 at t = 0.12149738064756113
Shutdown node 37 at t = 0.12241417811595533
Shutdown node 1 at t = 0.12296166240837385
Shutdown node 2 at t = 0.12309429814575207
Shutdown node 70 at t = 0.12359851693471947
Shutdown node 31 at t = 0.1260826706071742
Shutdown node 25 at t = 0.1270886511639581
Shutdown node 69 at t = 0.12718856228403455
Shutdown node 26 at t = 0.12721586787862998
Shutdown node 45 at t = 0.1364967431043442
Shutdown node 46 at t = 0.14669136315015835
Terminated on steady state at 0.14674040152432366
Find steady state...
Run simulation for trips on lines/nodes [103]
Shutdown line 103 at t = 0.1
Terminated on steady state at 4.952378633237063
Find steady state...
Run simulation for trips on lines/nodes [104]
Shutdown line 104 at t = 0.1
Shutdown node 69 at t = 0.10972576539296983
Shutdown node 66 at t = 0.10987602372256329
Shutdown node 64 at t = 0.1103698303476569
Shutdown node 62 at t = 0.11118300127184239
Shutdown node 63 at t = 0.11142535614709312
Shutdown node 71 at t = 0.11222221040406474
Shutdown node 61 at t = 0.11331205506886917
Shutdown node 21 at t = 0.11441220868398108
Shutdown node 18 at t = 0.11631216982896718
Shutdown node 16 at t = 0.11678864479374798
Shutdown node 15 at t = 0.11700501723391506
Shutdown node 55 at t = 0.11763351490311756
Shutdown node 14 at t = 0.11826264777863497
Shutdown node 49 at t = 0.11857279360681539
Shutdown node 50 at t = 0.1187008571900581
Shutdown node 23 at t = 0.11892596909728527
Shutdown node 22 at t = 0.11995781468030878
Shutdown node 13 at t = 0.12096736682785846
Shutdown node 42 at t = 0.12146339800882287
Shutdown node 40 at t = 0.12154763738986363
Shutdown node 39 at t = 0.1223137414918961
Shutdown node 38 at t = 0.1223457514558347
Shutdown node 47 at t = 0.12412772290743407
Shutdown node 7 at t = 0.12451378534164936
Shutdown node 1 at t = 0.12600037360477515
Shutdown node 2 at t = 0.12613154520825423
Shutdown node 37 at t = 0.1263536160912001
Shutdown node 31 at t = 0.13010194872100064
Shutdown node 25 at t = 0.13099377242055232
Shutdown node 26 at t = 0.13113413100389035
Shutdown node 45 at t = 0.14181977357270903
Shutdown node 46 at t = 0.15173518255604992
Shutdown node 70 at t = 0.82821914010115
Terminated on steady state at 0.8283117541687745
Find steady state...
Run simulation for trips on lines/nodes [105]
Shutdown line 105 at t = 0.1
Terminated on steady state at 4.494705055084178
Find steady state...
Run simulation for trips on lines/nodes [106]
Shutdown line 106 at t = 0.1
Shutdown node 64 at t = 0.10429578931307741
Shutdown node 66 at t = 0.1051098420864255
Shutdown node 62 at t = 0.10524042111106484
Shutdown node 63 at t = 0.10548842537256825
Shutdown node 61 at t = 0.10944998678316824
Shutdown node 55 at t = 0.11516151164285265
Shutdown node 49 at t = 0.11557050973260947
Shutdown node 50 at t = 0.11575658328585635
Shutdown node 69 at t = 0.12180653357395034
Shutdown node 71 at t = 0.13030548623071764
Shutdown node 70 at t = 0.13278210295528234
Shutdown node 21 at t = 0.13294501950105608
Shutdown node 18 at t = 0.1433495328609367
Shutdown node 16 at t = 0.14385183303661045
Shutdown node 15 at t = 0.14411967828617114
Shutdown node 14 at t = 0.14540097662959253
Shutdown node 23 at t = 0.14601523073750686
Shutdown node 13 at t = 0.14806161628925144
Shutdown node 42 at t = 0.1485361635278419
Shutdown node 40 at t = 0.1486177148027753
Shutdown node 22 at t = 0.14890432674814785
Shutdown node 39 at t = 0.14937010055041613
Shutdown node 38 at t = 0.14938356620424922
Shutdown node 47 at t = 0.1511549212692941
Shutdown node 7 at t = 0.15150977523056697
Shutdown node 37 at t = 0.15260814028530414
Shutdown node 1 at t = 0.1528944668376449
Shutdown node 2 at t = 0.15303355573430477
Shutdown node 31 at t = 0.1563620388348443
Shutdown node 25 at t = 0.15734682229149696
Shutdown node 26 at t = 0.157476727416861
Shutdown node 45 at t = 0.16824852712507601
Shutdown node 46 at t = 0.17764720971444337
Terminated on steady state at 0.17768743707319057
Find steady state...
Run simulation for trips on lines/nodes [107]
Shutdown line 107 at t = 0.1
Shutdown node 69 at t = 0.11298558455952978
Shutdown node 66 at t = 0.1166630569280889
Shutdown node 64 at t = 0.11708297097113177
Shutdown node 63 at t = 0.11782018533265445
Shutdown node 62 at t = 0.11787932056589756
Shutdown node 71 at t = 0.11885668781952881
Shutdown node 61 at t = 0.11995087303152288
Shutdown node 21 at t = 0.12100688823048196
Shutdown node 18 at t = 0.12289822064250364
Shutdown node 16 at t = 0.12337474651875013
Shutdown node 15 at t = 0.12359071603380921
Shutdown node 55 at t = 0.12421685339164373
Shutdown node 14 at t = 0.12484709474551378
Shutdown node 49 at t = 0.1251989567047615
Shutdown node 50 at t = 0.12532134805152514
Shutdown node 23 at t = 0.12551118722661184
Shutdown node 22 at t = 0.12652252567625896
Shutdown node 13 at t = 0.12755237935492364
Shutdown node 42 at t = 0.12804788966371644
Shutdown node 40 at t = 0.12813231883700188
Shutdown node 39 at t = 0.12889826796456483
Shutdown node 38 at t = 0.12893000155258327
Shutdown node 47 at t = 0.13070430375552117
Shutdown node 7 at t = 0.13108241836138743
Shutdown node 1 at t = 0.1325529129108575
Shutdown node 2 at t = 0.13268397665045578
Shutdown node 37 at t = 0.13296251117032307
Shutdown node 31 at t = 0.13672594342122127
Shutdown node 25 at t = 0.13760895267090165
Shutdown node 26 at t = 0.13775035252990736
Shutdown node 70 at t = 0.13830492738476652
Shutdown node 45 at t = 0.14797638798021043
Shutdown node 46 at t = 0.1573953422334134
Terminated on steady state at 0.15743384007017014
Find steady state...
Run simulation for trips on lines/nodes [108]
Shutdown line 108 at t = 0.1
Terminated on steady state at 4.650550236502051
Scaling of inertia 0.5 
 steady state 
 [0.23920502195844784, 1.2374675957613032e-17, 0.2384192608223158, 0.0, 0.23866612534906542, 0.20040260038519725, 0.199563118780402, 0.163312806284155, 0.3240494650625137, -3.486513642577675e-18, 0.22636056447772454, 0.24233310735336516, 0.21607550433945055, 0.31757642144814463, 0.35163901294263744, 0.39242983911366874, -1.1322166981562545e-17, 0.34032526923986006, -3.0196959856208143e-18, 0.4712892911206028, -5.594432078251441e-18, 0.4770026274538347, 1.512428456138639e-17, 0.5499723533369646, 0.5700392230113086, 1.5707996877854176e-18, 0.4620403746459364, 0.5026962767838042, 0.60352575649854, 3.0890826637237268e-18, 0.6931740948832719, 0.0, 0.5505371085407191, -1.1177909270430569e-17, 0.3842006218284508, 0.19420225808818972, -1.1094957688645873e-19, 0.19383426093136616, 0.0, 0.23843113471973815, 0.16031230429301097, 0.15429519334684924, 0.11798751937053599, 0.030104123913888798, 1.5936092906407266e-18, 0.03992808089869481, 0.205819926632928, 0.1704892298552284, 0.3060481713280603, 0.3429157626174566, 0.41062094208650185, 0.0, 0.33251496879322456, 1.6440202877139696e-18, 0.467116175526473, 9.202969583012158e-18, 0.47444270295520874, 8.93187576131032e-18, 0.5477601794190342, 0.5675504010838813, -4.573413729675364e-19, 0.4633190518402652, 0.5106878915920087, 0.6005464528702972, 0.0, 0.69046048546527, 0.0, 0.5621860130218465, 5.1175642857381374e-18, 0.3810686945656228, 0.03295030148981838, 7.150953304053976e-18, 0.0321122695907284, 0.0, 0.10889978284151877, 0.022546825564974247, 0.012857512457047027, -0.012788430852611126, -0.08957471838507558, -2.9556408655392194e-18, -0.07972045277125575, 0.0882960931238562, 0.04952495550713536, 0.20220724573362994, 0.23779720930000592, 0.2974891479879164, -8.241595588572297e-18, 0.25167236898424983, 5.89638324893332e-18, 0.42106992286217165, -4.0738128681970695e-19, 0.42548179008275977, 3.193513131479326e-18, 0.5106672647703452, 0.5360742708961362, -2.1037121675166217e-18, 0.41239965453285804, 0.45634465487619325, 0.5729309256417768, 0.0, 0.6628782269053187, 9.101457749012448e-19, 0.5059775223064525, 5.16420307179439e-19, 0.30433919855471697, 0.5142499408883769] 
 
Find steady state...
Run simulation for trips on lines/nodes [1]
Shutdown line 1 at t = 0.1
Terminated on steady state at 9.44443304462812
Find steady state...
Run simulation for trips on lines/nodes [2]
Shutdown line 2 at t = 0.1
Terminated on steady state at 6.818574630675069
Find steady state...
Run simulation for trips on lines/nodes [3]
Shutdown line 3 at t = 0.1
Terminated on steady state at 10.206217168107656
Find steady state...
Run simulation for trips on lines/nodes [4]
Shutdown line 4 at t = 0.1
Terminated on steady state at 10.404379831803919
Find steady state...
Run simulation for trips on lines/nodes [5]
Shutdown line 5 at t = 0.1
Terminated on steady state at 10.604360462481898
Find steady state...
Run simulation for trips on lines/nodes [6]
Shutdown line 6 at t = 0.1
Terminated on steady state at 7.957022760529295
Find steady state...
Run simulation for trips on lines/nodes [7]
Shutdown line 7 at t = 0.1
Terminated on steady state at 10.857471620721672
Find steady state...
Run simulation for trips on lines/nodes [8]
Shutdown line 8 at t = 0.1
Terminated on steady state at 10.1691806248045
Find steady state...
Run simulation for trips on lines/nodes [9]
Shutdown line 9 at t = 0.1
Terminated on steady state at 9.212453491376163
Find steady state...
Run simulation for trips on lines/nodes [10]
Shutdown line 10 at t = 0.1
Terminated on steady state at 10.889449785720766
Find steady state...
Run simulation for trips on lines/nodes [11]
Shutdown line 11 at t = 0.1
Shutdown node 7 at t = 0.1208433114764222
Terminated on steady state at 246.18727999869944
Find steady state...
Run simulation for trips on lines/nodes [12]
Shutdown line 12 at t = 0.1
Terminated on steady state at 10.383332942311727
Find steady state...
Run simulation for trips on lines/nodes [13]
Shutdown line 13 at t = 0.1
Terminated on steady state at 8.361741706563263
Find steady state...
Run simulation for trips on lines/nodes [14]
Shutdown line 14 at t = 0.1
Terminated on steady state at 8.506003497389601
Find steady state...
Run simulation for trips on lines/nodes [15]
Shutdown line 15 at t = 0.1
Terminated on steady state at 10.009267128131798
Find steady state...
Run simulation for trips on lines/nodes [16]
Shutdown line 16 at t = 0.1
Terminated on steady state at 10.803312109229207
Find steady state...
Run simulation for trips on lines/nodes [17]
Shutdown line 17 at t = 0.1
Terminated on steady state at 10.480896252403573
Find steady state...
Run simulation for trips on lines/nodes [18]
Shutdown line 18 at t = 0.1
Terminated on steady state at 10.910363115751156
Find steady state...
Run simulation for trips on lines/nodes [19]
Shutdown line 19 at t = 0.1
Terminated on steady state at 11.22565749610124
Find steady state...
Run simulation for trips on lines/nodes [20]
Shutdown line 20 at t = 0.1
Terminated on steady state at 9.723841825118395
Find steady state...
Run simulation for trips on lines/nodes [21]
Shutdown line 21 at t = 0.1
Terminated on steady state at 10.337426324520234
Find steady state...
Run simulation for trips on lines/nodes [22]
Shutdown line 22 at t = 0.1
Terminated on steady state at 11.059403347472426
Find steady state...
Run simulation for trips on lines/nodes [23]
Shutdown line 23 at t = 0.1
Terminated on steady state at 10.441092134510109
Find steady state...
Run simulation for trips on lines/nodes [24]
Shutdown line 24 at t = 0.1
Terminated on steady state at 11.013708151182103
Find steady state...
Run simulation for trips on lines/nodes [25]
Shutdown line 25 at t = 0.1
Shutdown node 16 at t = 0.10953420442394307
Shutdown node 15 at t = 0.1107139458696195
Shutdown node 18 at t = 0.11107663175339536
Shutdown node 14 at t = 0.11354369929267928
Shutdown node 23 at t = 0.11665477670476404
Shutdown node 13 at t = 0.12053075383548158
Shutdown node 42 at t = 0.12214162430172167
Shutdown node 40 at t = 0.12229600627523286
Shutdown node 38 at t = 0.1240314983446968
Shutdown node 39 at t = 0.12403687992126185
Shutdown node 7 at t = 0.12682610843506747
Shutdown node 1 at t = 0.12954197384788332
Shutdown node 2 at t = 0.12979297974922097
Shutdown node 47 at t = 0.13033197884027745
Shutdown node 37 at t = 0.13350606485476843
Shutdown node 66 at t = 0.13452746447307856
Shutdown node 64 at t = 0.13555562582299258
Shutdown node 62 at t = 0.1372781625602391
Shutdown node 63 at t = 0.13882377818425432
Shutdown node 71 at t = 0.13944086675731257
Shutdown node 31 at t = 0.1398891392761915
Shutdown node 61 at t = 0.14146784931392128
Shutdown node 25 at t = 0.14193495249231614
Shutdown node 26 at t = 0.14218200379134885
Shutdown node 55 at t = 0.14874105056896506
Shutdown node 49 at t = 0.15068075800233482
Shutdown node 50 at t = 0.15088579588687062
Shutdown node 69 at t = 0.1619882070253767
Shutdown node 21 at t = 0.16855863776825006
Shutdown node 70 at t = 0.18656944965876313
Shutdown node 22 at t = 0.20210967555907758
Shutdown node 46 at t = 0.30081785508624065
Shutdown node 45 at t = 0.31751233140296664
Terminated on steady state at 0.317567685350081
Find steady state...
Run simulation for trips on lines/nodes [26]
Shutdown line 26 at t = 0.1
Terminated on steady state at 9.194675435184049
Find steady state...
Run simulation for trips on lines/nodes [27]
Shutdown line 27 at t = 0.1
Shutdown node 21 at t = 0.11270261399800191
Shutdown node 15 at t = 0.12435332644923959
Shutdown node 16 at t = 0.12508623338158725
Shutdown node 18 at t = 0.12652639876157284
Shutdown node 14 at t = 0.12888368507234718
Shutdown node 23 at t = 0.12952322131851396
Shutdown node 13 at t = 0.13403162231873486
Shutdown node 42 at t = 0.13605103494048404
Shutdown node 40 at t = 0.1362122394610167
Shutdown node 38 at t = 0.13792390533575072
Shutdown node 39 at t = 0.13792992824559436
Shutdown node 7 at t = 0.14073775536841204
Shutdown node 47 at t = 0.14177892735587197
Shutdown node 1 at t = 0.1437591625292315
Shutdown node 2 at t = 0.14399913755596744
Shutdown node 37 at t = 0.1470104366891516
Shutdown node 66 at t = 0.14796011248401983
Shutdown node 64 at t = 0.1489377256260095
Shutdown node 62 at t = 0.1506501635721101
Shutdown node 71 at t = 0.15071372981895992
Shutdown node 63 at t = 0.15219310872134809
Shutdown node 61 at t = 0.15301540581315254
Shutdown node 31 at t = 0.1533908843474771
Shutdown node 25 at t = 0.15535803607821871
Shutdown node 26 at t = 0.15559840118229157
Shutdown node 22 at t = 0.15790099306056005
Shutdown node 55 at t = 0.1604393488235442
Shutdown node 49 at t = 0.16254216468542942
Shutdown node 50 at t = 0.16272877757415236
Shutdown node 69 at t = 0.1721437659554141
Shutdown node 45 at t = 0.18124627169982754
Shutdown node 70 at t = 0.19551454334915905
Shutdown node 46 at t = 0.20569493725215218
Terminated on steady state at 0.2057225290260802
Find steady state...
Run simulation for trips on lines/nodes [28]
Shutdown line 28 at t = 0.1
Terminated on steady state at 10.856701750934088
Find steady state...
Run simulation for trips on lines/nodes [29]
Shutdown line 29 at t = 0.1
Shutdown node 16 at t = 0.10706706225249235
Shutdown node 15 at t = 0.10807530899885913
Shutdown node 14 at t = 0.11081965170482512
Shutdown node 23 at t = 0.11211379398872041
Shutdown node 18 at t = 0.11368028182793095
Shutdown node 13 at t = 0.11697380011300121
Shutdown node 42 at t = 0.11851213402592158
Shutdown node 40 at t = 0.11866970548873267
Shutdown node 38 at t = 0.12039264125969538
Shutdown node 39 at t = 0.12040307120903516
Shutdown node 7 at t = 0.12332419057184911
Shutdown node 47 at t = 0.1257146979079377
Shutdown node 1 at t = 0.1259309804573216
Shutdown node 2 at t = 0.1261734839386548
Shutdown node 37 at t = 0.12886055793623824
Shutdown node 66 at t = 0.12991804411799654
Shutdown node 64 at t = 0.13092527431748957
Shutdown node 62 at t = 0.13264650430422073
Shutdown node 63 at t = 0.13418925489863542
Shutdown node 71 at t = 0.1348599081734158
Shutdown node 31 at t = 0.13549126200565514
Shutdown node 61 at t = 0.13687192775045634
Shutdown node 25 at t = 0.1374068427090221
Shutdown node 26 at t = 0.13763755676208755
Shutdown node 21 at t = 0.14218670035146325
Shutdown node 55 at t = 0.14458697959620564
Shutdown node 49 at t = 0.14653887210220157
Shutdown node 50 at t = 0.14674963248362344
Shutdown node 69 at t = 0.15634099191128428
Shutdown node 22 at t = 0.160439241735312
Shutdown node 45 at t = 0.1665586830314887
Shutdown node 70 at t = 0.180203959012585
Shutdown node 46 at t = 0.18431353845951298
Terminated on steady state at 0.1843369572768881
Find steady state...
Run simulation for trips on lines/nodes [30]
Shutdown line 30 at t = 0.1
Terminated on steady state at 10.266727133365555
Find steady state...
Run simulation for trips on lines/nodes [31]
Shutdown line 31 at t = 0.1
Terminated on steady state at 9.905672992579142
Find steady state...
Run simulation for trips on lines/nodes [32]
Shutdown line 32 at t = 0.1
Terminated on steady state at 11.297331979150734
Find steady state...
Run simulation for trips on lines/nodes [33]
Shutdown line 33 at t = 0.1
Terminated on steady state at 9.797570392469614
Find steady state...
Run simulation for trips on lines/nodes [34]
Shutdown line 34 at t = 0.1
Terminated on steady state at 10.706160168966454
Find steady state...
Run simulation for trips on lines/nodes [35]
Shutdown line 35 at t = 0.1
Shutdown node 16 at t = 0.11186530935051012
Shutdown node 15 at t = 0.11300403266574596
Shutdown node 18 at t = 0.11338516129317606
Shutdown node 14 at t = 0.11581449092869095
Shutdown node 13 at t = 0.14338789094436444
Shutdown node 7 at t = 0.15126426514631552
Shutdown node 1 at t = 0.15275882667476381
Shutdown node 2 at t = 0.1529530397550042
Shutdown node 21 at t = 0.16905578452282632
Shutdown node 23 at t = 0.17377833983534935
Shutdown node 42 at t = 0.1844570895683964
Shutdown node 40 at t = 0.18467894759461506
Shutdown node 38 at t = 0.18636860612643902
Shutdown node 39 at t = 0.18650392253423478
Shutdown node 47 at t = 0.19031106478042928
Shutdown node 37 at t = 0.1937028364283513
Shutdown node 66 at t = 0.19449324170302842
Shutdown node 64 at t = 0.1954584318111045
Shutdown node 71 at t = 0.1964505584681802
Shutdown node 62 at t = 0.1971917864870436
Shutdown node 63 at t = 0.19877600937434614
Shutdown node 61 at t = 0.19899205817756213
Shutdown node 31 at t = 0.19999898960253257
Shutdown node 25 at t = 0.2018917223820356
Shutdown node 26 at t = 0.2020750309461536
Shutdown node 22 at t = 0.20304602377746886
Shutdown node 55 at t = 0.20646301165164763
Shutdown node 49 at t = 0.20860051570541838
Shutdown node 50 at t = 0.2087808942809
Shutdown node 69 at t = 0.22330561664976117
Shutdown node 45 at t = 0.22883534466025002
Shutdown node 70 at t = 0.24213796424437042
Shutdown node 46 at t = 0.2552417862836907
Terminated on steady state at 0.2552649304664098
Find steady state...
Run simulation for trips on lines/nodes [36]
Shutdown line 36 at t = 0.1
Terminated on steady state at 10.658384520716549
Find steady state...
Run simulation for trips on lines/nodes [37]
Shutdown line 37 at t = 0.1
Terminated on steady state at 10.387746243176883
Find steady state...
Run simulation for trips on lines/nodes [38]
Shutdown line 38 at t = 0.1
Terminated on steady state at 8.745541343848465
Find steady state...
Run simulation for trips on lines/nodes [39]
Shutdown line 39 at t = 0.1
Terminated on steady state at 8.74644810805227
Find steady state...
Run simulation for trips on lines/nodes [40]
Shutdown line 40 at t = 0.1
Terminated on steady state at 9.880887219256618
Find steady state...
Run simulation for trips on lines/nodes [41]
Shutdown line 41 at t = 0.1
Terminated on steady state at 10.538169184130854
Find steady state...
Run simulation for trips on lines/nodes [42]
Shutdown line 42 at t = 0.1
Terminated on steady state at 9.790688878092675
Find steady state...
Run simulation for trips on lines/nodes [43]
Shutdown line 43 at t = 0.1
Terminated on steady state at 10.612678207057545
Find steady state...
Run simulation for trips on lines/nodes [44]
Shutdown line 44 at t = 0.1
Terminated on steady state at 9.64174898066583
Find steady state...
Run simulation for trips on lines/nodes [45]
Shutdown line 45 at t = 0.1
Terminated on steady state at 10.673582878848116
Find steady state...
Run simulation for trips on lines/nodes [46]
Shutdown line 46 at t = 0.1
Terminated on steady state at 10.265534176750434
Find steady state...
Run simulation for trips on lines/nodes [47]
Shutdown line 47 at t = 0.1
Terminated on steady state at 9.344217367156501
Find steady state...
Run simulation for trips on lines/nodes [48]
Shutdown line 48 at t = 0.1
Terminated on steady state at 11.089528982662008
Find steady state...
Run simulation for trips on lines/nodes [49]
Shutdown line 49 at t = 0.1
Terminated on steady state at 9.505474883805034
Find steady state...
Run simulation for trips on lines/nodes [50]
Shutdown line 50 at t = 0.1
Shutdown node 31 at t = 0.16959233236857588
Shutdown node 25 at t = 75.22588543646492
Shutdown node 26 at t = 75.22590389856697
Shutdown node 37 at t = 75.23671807220514
Shutdown node 38 at t = 75.23677118555814
Shutdown node 7 at t = 75.24577785845405
Shutdown node 47 at t = 75.24675321077554
Shutdown node 66 at t = 75.25099131462017
Shutdown node 64 at t = 75.25168359078134
Shutdown node 40 at t = 75.25268288842707
Shutdown node 62 at t = 75.25287141482586
Shutdown node 39 at t = 75.25291554854047
Shutdown node 63 at t = 75.25325721330786
Shutdown node 71 at t = 75.2543954748626
Shutdown node 61 at t = 75.25602354942798
Shutdown node 42 at t = 75.25877034173597
Shutdown node 21 at t = 75.25916898966557
Shutdown node 55 at t = 75.26252634363803
Shutdown node 18 at t = 75.26272328189381
Shutdown node 16 at t = 75.26346760052141
Shutdown node 15 at t = 75.26378882121215
Shutdown node 49 at t = 75.26394377688189
Shutdown node 50 at t = 75.26413101721988
Shutdown node 14 at t = 75.26493261359069
Shutdown node 23 at t = 75.2653264286336
Shutdown node 13 at t = 75.26584506879765
Shutdown node 1 at t = 75.27208158777138
Shutdown node 2 at t = 75.27220689401048
Shutdown node 22 at t = 75.27944683870405
Shutdown node 69 at t = 75.28946502367101
Shutdown node 70 at t = 75.30220357479982
Shutdown node 45 at t = 75.4525723668461
Shutdown node 46 at t = 75.48496538272563
Terminated on steady state at 75.48507700979347
Find steady state...
Run simulation for trips on lines/nodes [51]
Shutdown line 51 at t = 0.1
Terminated on steady state at 11.142596671252765
Find steady state...
Run simulation for trips on lines/nodes [52]
Shutdown line 52 at t = 0.1
Terminated on steady state at 10.61281099164347
Find steady state...
Run simulation for trips on lines/nodes [53]
Shutdown line 53 at t = 0.1
Terminated on steady state at 10.76985199206374
Find steady state...
Run simulation for trips on lines/nodes [54]
Shutdown line 54 at t = 0.1
Terminated on steady state at 11.092277305135825
Find steady state...
Run simulation for trips on lines/nodes [55]
Shutdown line 55 at t = 0.1
Terminated on steady state at 10.858430177335524
Find steady state...
Run simulation for trips on lines/nodes [56]
Shutdown line 56 at t = 0.1
Shutdown node 37 at t = 0.14735939924041278
Shutdown node 31 at t = 0.20994560417494051
Shutdown node 26 at t = 0.23146436229236958
Shutdown node 25 at t = 0.23151063980383377
Shutdown node 38 at t = 0.23878269841970082
Shutdown node 47 at t = 0.2440887607364896
Shutdown node 7 at t = 0.24822780156286195
Shutdown node 66 at t = 0.2503397286723235
Shutdown node 64 at t = 0.2513036559527111
Shutdown node 40 at t = 0.25145062634263615
Shutdown node 39 at t = 0.25215209971280517
Shutdown node 62 at t = 0.2529869491006892
Shutdown node 63 at t = 0.25448349405359133
Shutdown node 71 at t = 0.2550491730290574
Shutdown node 61 at t = 0.25708249034565567
Shutdown node 42 at t = 0.2586353398297373
Shutdown node 21 at t = 0.2591566480528649
Shutdown node 55 at t = 0.2643706602581309
Shutdown node 49 at t = 0.266306967083867
Shutdown node 50 at t = 0.2665109725971215
Shutdown node 23 at t = 0.26807048513124626
Shutdown node 13 at t = 0.2690359418744354
Shutdown node 16 at t = 0.270547191173267
Shutdown node 18 at t = 0.27071643729003625
Shutdown node 14 at t = 0.2709747370433422
Shutdown node 15 at t = 0.27109247984356216
Shutdown node 69 at t = 0.2771763302515355
Shutdown node 1 at t = 0.27769702250527156
Shutdown node 2 at t = 0.2778147518142478
Shutdown node 45 at t = 0.28496416851134637
Shutdown node 22 at t = 0.28780055151861544
Shutdown node 70 at t = 0.29774483851788663
Shutdown node 46 at t = 0.2977655051640012
Terminated on steady state at 0.2977990398793663
Find steady state...
Run simulation for trips on lines/nodes [57]
Shutdown line 57 at t = 0.1
Terminated on steady state at 9.98013826863786
Find steady state...
Run simulation for trips on lines/nodes [58]
Shutdown line 58 at t = 0.1
Terminated on steady state at 11.35561280296078
Find steady state...
Run simulation for trips on lines/nodes [59]
Shutdown line 59 at t = 0.1
Terminated on steady state at 10.855740881513908
Find steady state...
Run simulation for trips on lines/nodes [60]
Shutdown line 60 at t = 0.1
Terminated on steady state at 11.034961140427178
Find steady state...
Run simulation for trips on lines/nodes [61]
Shutdown line 61 at t = 0.1
Shutdown node 40 at t = 0.10901862134133464
Shutdown node 42 at t = 0.11079933623014358
Shutdown node 39 at t = 0.11104895715666467
Shutdown node 38 at t = 0.11306875864731393
Shutdown node 47 at t = 0.11735111355955462
Shutdown node 37 at t = 0.12080808592480297
Shutdown node 66 at t = 0.12211647274611356
Shutdown node 64 at t = 0.12312452754897847
Shutdown node 62 at t = 0.12484735362360191
Shutdown node 63 at t = 0.12639075085901333
Shutdown node 71 at t = 0.12694528967915228
Shutdown node 31 at t = 0.12789994371639615
Shutdown node 7 at t = 0.12883427363401306
Shutdown node 61 at t = 0.1289842588593759
Shutdown node 23 at t = 0.12901126969910487
Shutdown node 25 at t = 0.13073447011655995
Shutdown node 26 at t = 0.13088527275302075
Shutdown node 21 at t = 0.13119747281373093
Shutdown node 13 at t = 0.1320929602331911
Shutdown node 16 at t = 0.1322653060857013
Shutdown node 15 at t = 0.13327712024735916
Shutdown node 18 at t = 0.13330972397243335
Shutdown node 14 at t = 0.1336580966875552
Shutdown node 55 at t = 0.1368881044705476
Shutdown node 49 at t = 0.1388791692751334
Shutdown node 50 at t = 0.13909001033863813
Shutdown node 1 at t = 0.1417126017898557
Shutdown node 2 at t = 0.14186990850868422
Shutdown node 69 at t = 0.1473037076636433
Shutdown node 22 at t = 0.1655192070201519
Shutdown node 70 at t = 0.1691234284512956
Shutdown node 45 at t = 0.2818279400699636
Shutdown node 46 at t = 0.3254398114755288
Terminated on steady state at 0.32546175018458734
Find steady state...
Run simulation for trips on lines/nodes [62]
Shutdown line 62 at t = 0.1
Terminated on steady state at 10.621094019117377
Find steady state...
Run simulation for trips on lines/nodes [63]
Shutdown line 63 at t = 0.1
Shutdown node 45 at t = 0.11226240969701534
Terminated on steady state at 11.800211618912936
Find steady state...
Run simulation for trips on lines/nodes [64]
Shutdown line 64 at t = 0.1
Terminated on steady state at 10.91076756563278
Find steady state...
Run simulation for trips on lines/nodes [65]
Shutdown line 65 at t = 0.1
Shutdown node 40 at t = 0.10702127312358405
Shutdown node 38 at t = 0.10877891872177962
Shutdown node 39 at t = 0.10878555669253097
Shutdown node 47 at t = 0.11325203414314515
Shutdown node 37 at t = 0.11696368501414885
Shutdown node 42 at t = 0.11747103964255196
Shutdown node 66 at t = 0.11774783724483645
Shutdown node 64 at t = 0.11875598982265652
Shutdown node 62 at t = 0.12047662473121747
Shutdown node 63 at t = 0.12201962199761958
Shutdown node 71 at t = 0.122571237887498
Shutdown node 31 at t = 0.1238753591065153
Shutdown node 61 at t = 0.1246113000467361
Shutdown node 7 at t = 0.12515694059612656
Shutdown node 23 at t = 0.1261448530433074
Shutdown node 25 at t = 0.1267900672758865
Shutdown node 26 at t = 0.12693657340919584
Shutdown node 21 at t = 0.12719308678733537
Shutdown node 13 at t = 0.12964387796847898
Shutdown node 16 at t = 0.1300241280113238
Shutdown node 18 at t = 0.1306222222828029
Shutdown node 15 at t = 0.1308683050177625
Shutdown node 14 at t = 0.13193252025131472
Shutdown node 55 at t = 0.13267750945382648
Shutdown node 49 at t = 0.13462339547743302
Shutdown node 50 at t = 0.13483676169430495
Shutdown node 1 at t = 0.13991135341352387
Shutdown node 2 at t = 0.1400749345983939
Shutdown node 69 at t = 0.14414600972960273
Shutdown node 22 at t = 0.15035254961011588
Shutdown node 46 at t = 0.15644913195709476
Shutdown node 45 at t = 0.16284306883024094
Shutdown node 70 at t = 0.16840755247624803
Terminated on steady state at 0.1684367794054975
Find steady state...
Run simulation for trips on lines/nodes [66]
Shutdown line 66 at t = 0.1
Terminated on steady state at 10.487019740325625
Find steady state...
Run simulation for trips on lines/nodes [67]
Shutdown line 67 at t = 0.1
Terminated on steady state at 9.96611595841954
Find steady state...
Run simulation for trips on lines/nodes [68]
Shutdown line 68 at t = 0.1
Terminated on steady state at 12.304924827519187
Find steady state...
Run simulation for trips on lines/nodes [69]
Shutdown line 69 at t = 0.1
Terminated on steady state at 10.452633317123958
Find steady state...
Run simulation for trips on lines/nodes [70]
Shutdown line 70 at t = 0.1
Terminated on steady state at 11.227526077297568
Find steady state...
Run simulation for trips on lines/nodes [71]
Shutdown line 71 at t = 0.1
Shutdown node 40 at t = 0.11039422963617855
Shutdown node 42 at t = 0.11219999816502019
Shutdown node 39 at t = 0.1124328278621651
Shutdown node 38 at t = 0.11247577541401811
Shutdown node 23 at t = 0.12230810510703768
Shutdown node 16 at t = 0.12789460372549716
Shutdown node 13 at t = 0.12851958540674244
Shutdown node 15 at t = 0.12904508429678418
Shutdown node 18 at t = 0.12942347682539873
Shutdown node 14 at t = 0.12961489877679505
Shutdown node 7 at t = 0.1318760545861331
Shutdown node 37 at t = 0.1377957017909513
Shutdown node 1 at t = 0.13877795527314518
Shutdown node 2 at t = 0.1389526024901195
Shutdown node 31 at t = 0.14679927955420496
Shutdown node 25 at t = 0.14805336639471586
Shutdown node 26 at t = 0.14832240730710047
Shutdown node 47 at t = 0.1670904475237784
Shutdown node 66 at t = 0.1773766053182035
Shutdown node 64 at t = 0.1784163058270162
Shutdown node 62 at t = 0.18017126055087213
Shutdown node 63 at t = 0.1817696569118415
Shutdown node 71 at t = 0.18272848507059133
Shutdown node 61 at t = 0.18474151480274772
Shutdown node 21 at t = 0.1892753428571472
Shutdown node 55 at t = 0.1920850195022283
Shutdown node 49 at t = 0.19400811762080356
Shutdown node 50 at t = 0.19421618808277233
Shutdown node 69 at t = 0.20683765024756687
Shutdown node 22 at t = 0.21231652836065304
Shutdown node 70 at t = 0.22864273080461842
Shutdown node 45 at t = 0.3184911612742553
Shutdown node 46 at t = 0.3472962701091379
Terminated on steady state at 0.3473296818507791
Find steady state...
Run simulation for trips on lines/nodes [72]
Shutdown line 72 at t = 0.1
Terminated on steady state at 13.744305957503245
Find steady state...
Run simulation for trips on lines/nodes [73]
Shutdown line 73 at t = 0.1
Terminated on steady state at 10.156640005620599
Find steady state...
Run simulation for trips on lines/nodes [74]
Shutdown line 74 at t = 0.1
Terminated on steady state at 8.725241344583125
Find steady state...
Run simulation for trips on lines/nodes [75]
Shutdown line 75 at t = 0.1
Terminated on steady state at 10.355992545416946
Find steady state...
Run simulation for trips on lines/nodes [76]
Shutdown line 76 at t = 0.1
Terminated on steady state at 10.06687549872211
Find steady state...
Run simulation for trips on lines/nodes [77]
Shutdown line 77 at t = 0.1
Terminated on steady state at 8.551587943742634
Find steady state...
Run simulation for trips on lines/nodes [78]
Shutdown line 78 at t = 0.1
Terminated on steady state at 9.347978048221451
Find steady state...
Run simulation for trips on lines/nodes [79]
Shutdown line 79 at t = 0.1
Terminated on steady state at 8.880254013814934
Find steady state...
Run simulation for trips on lines/nodes [80]
Shutdown line 80 at t = 0.1
Terminated on steady state at 11.672919245885666
Find steady state...
Run simulation for trips on lines/nodes [81]
Shutdown line 81 at t = 0.1
Terminated on steady state at 10.312159897866664
Find steady state...
Run simulation for trips on lines/nodes [82]
Shutdown line 82 at t = 0.1
Terminated on steady state at 10.071924751130124
Find steady state...
Run simulation for trips on lines/nodes [83]
Shutdown line 83 at t = 0.1
Terminated on steady state at 10.325827524652217
Find steady state...
Run simulation for trips on lines/nodes [84]
Shutdown line 84 at t = 0.1
Terminated on steady state at 9.504056957750114
Find steady state...
Run simulation for trips on lines/nodes [85]
Shutdown line 85 at t = 0.1
Shutdown node 55 at t = 0.16964826450373355
Shutdown node 62 at t = 73.73142818674434
Shutdown node 61 at t = 73.73394348923493
Shutdown node 50 at t = 73.74260067529498
Shutdown node 49 at t = 73.74269696473507
Shutdown node 71 at t = 73.74546950659702
Shutdown node 21 at t = 73.75123190001298
Shutdown node 64 at t = 73.75306750208793
Shutdown node 63 at t = 73.75414795245099
Shutdown node 66 at t = 73.75420777749692
Shutdown node 18 at t = 73.75576434713047
Shutdown node 16 at t = 73.75656109379105
Shutdown node 15 at t = 73.75695301677884
Shutdown node 14 at t = 73.75956439540876
Shutdown node 23 at t = 73.76017679508043
Shutdown node 13 at t = 73.76354716715935
Shutdown node 42 at t = 73.76442275687732
Shutdown node 40 at t = 73.76453060598183
Shutdown node 38 at t = 73.7658560284805
Shutdown node 39 at t = 73.76586399936647
Shutdown node 22 at t = 73.76606043504776
Shutdown node 47 at t = 73.76867003671302
Shutdown node 7 at t = 73.76874207471758
Shutdown node 37 at t = 73.77103961324424
Shutdown node 1 at t = 73.7714756505209
Shutdown node 2 at t = 73.77169808249329
Shutdown node 31 at t = 73.77663126950536
Shutdown node 25 at t = 73.77889766966229
Shutdown node 26 at t = 73.77910450367722
Shutdown node 69 at t = 73.78044776089642
Shutdown node 70 at t = 73.79691995014925
Shutdown node 46 at t = 73.91639430291531
/var/spool/slurmd/job27131620/slurm_script: line 17: 10414 Segmentation fault      julia 230808_01_rtsgmlc_nodes_vs_inertia_f=2_more_mem.jl
